Log file open, 11/02/19 13:11:50
LogWindows: Failed to load 'aqProf.dll' (GetLastError=126)
LogWindows: File 'aqProf.dll' does not exist
LogWindows: Failed to load 'VtuneApi.dll' (GetLastError=126)
LogWindows: File 'VtuneApi.dll' does not exist
LogWindows: Failed to load 'VtuneApi32e.dll' (GetLastError=126)
LogWindows: File 'VtuneApi32e.dll' does not exist
LogConsoleResponse: Display: Failed to find resolution value strings in scalability ini. Falling back to default.
LogInit: Display: Running engine for game: MarsMarine
LogPakFile: Registered encryption key '00000000000000000000000000000000': 0 pak files mounted, 0 remain pending
LogPlatformFile: Not using cached read wrapper
LogTaskGraph: Started task graph with 5 named threads and 14 total threads with 3 sets of task threads.
LogStats: Stats thread started at 0.603612
LogD3D11RHI: Loaded GFSDK_Aftermath_Lib.x64.dll
LogICUInternationalization: ICU TimeZone Detection - Raw Offset: +1:00, Platform Override: ''
LogPluginManager: Mounting plugin Paper2D
LogPluginManager: Mounting plugin AISupport
LogPluginManager: Mounting plugin LightPropagationVolume
LogPluginManager: Mounting plugin ActorLayerUtilities
LogPluginManager: Mounting plugin AnimationSharing
LogPluginManager: Mounting plugin CLionSourceCodeAccess
LogPluginManager: Mounting plugin CodeLiteSourceCodeAccess
LogPluginManager: Mounting plugin GitSourceControl
LogPluginManager: Mounting plugin KDevelopSourceCodeAccess
LogPluginManager: Mounting plugin NullSourceCodeAccess
LogPluginManager: Mounting plugin PerforceSourceControl
LogPluginManager: Mounting plugin SubversionSourceControl
LogPluginManager: Mounting plugin UObjectPlugin
LogPluginManager: Mounting plugin VisualStudioCodeSourceCodeAccess
LogPluginManager: Mounting plugin VisualStudioSourceCodeAccess
LogPluginManager: Mounting plugin XCodeSourceCodeAccess
LogPluginManager: Mounting plugin AssetManagerEditor
LogPluginManager: Mounting plugin CryptoKeys
LogPluginManager: Mounting plugin DataValidation
LogPluginManager: Mounting plugin FacialAnimation
LogPluginManager: Mounting plugin GameplayTagsEditor
LogPluginManager: Mounting plugin MacGraphicsSwitching
LogPluginManager: Mounting plugin MaterialAnalyzer
LogPluginManager: Mounting plugin MobileLauncherProfileWizard
LogPluginManager: Mounting plugin PluginBrowser
LogPluginManager: Mounting plugin SpeedTreeImporter
LogPluginManager: Mounting plugin DatasmithContent
LogPluginManager: Mounting plugin VariantManagerContent
LogPluginManager: Mounting plugin AlembicImporter
LogPluginManager: Mounting plugin AppleImageUtils
LogPluginManager: Mounting plugin AppleVision
LogPluginManager: Mounting plugin BackChannel
LogPluginManager: Mounting plugin CharacterAI
LogPluginManager: Mounting plugin GeometryCache
LogPluginManager: Mounting plugin HTML5Networking
LogPluginManager: Mounting plugin ProxyLODPlugin
LogPluginManager: Mounting plugin SkeletalReduction
LogPluginManager: Mounting plugin MagicLeap
LogPluginManager: Mounting plugin MagicLeapMedia
LogPluginManager: Mounting plugin AndroidMedia
LogPluginManager: Mounting plugin AvfMedia
LogPluginManager: Mounting plugin ImgMedia
LogPluginManager: Mounting plugin LinearTimecode
LogPluginManager: Mounting plugin MediaCompositing
LogPluginManager: Mounting plugin MediaPlayerEditor
LogPluginManager: Mounting plugin WebMMedia
LogPluginManager: Mounting plugin WmfMedia
LogPluginManager: Mounting plugin TcpMessaging
LogPluginManager: Mounting plugin UdpMessaging
LogPluginManager: Mounting plugin ActorSequence
LogPluginManager: Mounting plugin LevelSequenceEditor
LogPluginManager: Mounting plugin MatineeToLevelSequence
LogPluginManager: Mounting plugin NetcodeUnitTest
LogPluginManager: Mounting plugin NUTUnrealEngine4
LogPluginManager: Mounting plugin OnlineSubsystemGooglePlay
LogPluginManager: Mounting plugin OnlineSubsystemIOS
LogPluginManager: Mounting plugin OnlineSubsystem
LogPluginManager: Mounting plugin OnlineSubsystemNull
LogPluginManager: Mounting plugin OnlineSubsystemUtils
LogPluginManager: Mounting plugin LauncherChunkInstaller
LogPluginManager: Mounting plugin AndroidDeviceProfileSelector
LogPluginManager: Mounting plugin AndroidMoviePlayer
LogPluginManager: Mounting plugin AndroidPermission
LogPluginManager: Mounting plugin AppleMoviePlayer
LogPluginManager: Mounting plugin ArchVisCharacter
LogPluginManager: Mounting plugin AudioCapture
LogPluginManager: Mounting plugin CableComponent
LogPluginManager: Mounting plugin CustomMeshComponent
LogPluginManager: Mounting plugin EditableMesh
LogPluginManager: Mounting plugin ExampleDeviceProfileSelector
LogPluginManager: Mounting plugin Firebase
LogPluginManager: Mounting plugin GoogleCloudMessaging
LogPluginManager: Mounting plugin IOSDeviceProfileSelector
LogPluginManager: Mounting plugin LinuxDeviceProfileSelector
LogPluginManager: Mounting plugin LocationServicesBPLibrary
LogPluginManager: Mounting plugin MobilePatchingUtils
LogPluginManager: Mounting plugin OculusVR
LogPluginManager: Mounting plugin PhysXVehicles
LogPluginManager: Mounting plugin ProceduralMeshComponent
LogPluginManager: Mounting plugin RuntimePhysXCooking
LogPluginManager: Mounting plugin SignificanceManager
LogPluginManager: Mounting plugin SteamVR
LogPluginManager: Mounting plugin WebMMoviePlayer
LogPluginManager: Mounting plugin WindowsMoviePlayer
LogInit: Using libcurl 7.55.1-DEV
LogInit:  - built for x86_64-pc-win32
LogInit:  - supports SSL with OpenSSL/1.1.1
LogInit:  - supports HTTP deflate (compression) using libz 1.2.8
LogInit:  - other features:
LogInit:      CURL_VERSION_SSL
LogInit:      CURL_VERSION_LIBZ
LogInit:      CURL_VERSION_IPV6
LogInit:      CURL_VERSION_ASYNCHDNS
LogInit:      CURL_VERSION_LARGEFILE
LogInit:      CURL_VERSION_IDN
LogInit:  CurlRequestOptions (configurable via config and command line):
LogInit:  - bVerifyPeer = true  - Libcurl will verify peer certificate
LogInit:  - bUseHttpProxy = false  - Libcurl will NOT use HTTP proxy
LogInit:  - bDontReuseConnections = false  - Libcurl will reuse connections
LogInit:  - MaxHostConnections = 16  - Libcurl will limit the number of connections to a host
LogInit:  - LocalHostAddr = Default
LogInit:  - BufferSize = 65536
LogInit: WinSock: version 1.1 (2.2), MaxSocks=32767, MaxUdp=65467
LogInit: Build: ++UE4+Release-4.22-CL-7053642
LogInit: Engine Version: 4.22.3-7053642+++UE4+Release-4.22
LogInit: Compatible Engine Version: 4.22.0-5660361+++UE4+Release-4.22
LogInit: Net CL: 5660361
LogInit: OS: Windows 10 (Release 1903) (), CPU: Intel(R) Core(TM) i5-4690 CPU @ 3.50GHz, GPU: NVIDIA GeForce GTX 970
LogInit: Compiled (64-bit): Jun 18 2019 03:09:11
LogInit: Compiled with Visual C++: 19.16.27025.01
LogInit: Build Configuration: Development
LogInit: Branch Name: ++UE4+Release-4.22
LogInit: Command Line: 
LogInit: Base Directory: C:/Program Files/Epic Games/UE_4.22/Engine/Binaries/Win64/
LogInit: Installed Engine Build: 1
LogDevObjectVersion: Number of dev versions registered: 23
LogDevObjectVersion:   Dev-Blueprints (B0D832E4-1F89-4F0D-ACCF-7EB736FD4AA2): 10
LogDevObjectVersion:   Dev-Build (E1C64328-A22C-4D53-A36C-8E866417BD8C): 0
LogDevObjectVersion:   Dev-Core (375EC13C-06E4-48FB-B500-84F0262A717E): 3
LogDevObjectVersion:   Dev-Editor (E4B068ED-F494-42E9-A231-DA0B2E46BB41): 30
LogDevObjectVersion:   Dev-Framework (CFFC743F-43B0-4480-9391-14DF171D2073): 35
LogDevObjectVersion:   Dev-Mobile (B02B49B5-BB20-44E9-A304-32B752E40360): 2
LogDevObjectVersion:   Dev-Networking (A4E4105C-59A1-49B5-A7C5-40C4547EDFEE): 0
LogDevObjectVersion:   Dev-Online (39C831C9-5AE6-47DC-9A44-9C173E1C8E7C): 0
LogDevObjectVersion:   Dev-Physics (78F01B33-EBEA-4F98-B9B4-84EACCB95AA2): 0
LogDevObjectVersion:   Dev-Platform (6631380F-2D4D-43E0-8009-CF276956A95A): 0
LogDevObjectVersion:   Dev-Rendering (12F88B9F-8875-4AFC-A67C-D90C383ABD29): 28
LogDevObjectVersion:   Dev-Sequencer (7B5AE74C-D270-4C10-A958-57980B212A5A): 11
LogDevObjectVersion:   Dev-VR (D7296918-1DD6-4BDD-9DE2-64A83CC13884): 2
LogDevObjectVersion:   Dev-LoadTimes (C2A15278-BFE7-4AFE-6C17-90FF531DF755): 1
LogDevObjectVersion:   Private-Geometry (6EACA3D4-40EC-4CC1-B786-8BED09428FC5): 3
LogDevObjectVersion:   Dev-AnimPhys (29E575DD-E0A3-4627-9D10-D276232CDCEA): 17
LogDevObjectVersion:   Dev-Anim (AF43A65D-7FD3-4947-9873-3E8ED9C1BB05): 2
LogDevObjectVersion:   Dev-ReflectionCapture (6B266CEC-1EC7-4B8F-A30B-E4D90942FC07): 1
LogDevObjectVersion:   Dev-Automation (0DF73D61-A23F-47EA-B727-89E90C41499A): 1
LogDevObjectVersion:   FortniteMain (601D1886-AC64-4F84-AA16-D3DE0DEAC7D6): 25
LogDevObjectVersion:   Dev-Enterprise (9DFFBCD6-494F-0158-E221-12823C92A888): 6
LogDevObjectVersion:   Dev-Niagara (F2AED0AC-9AFE-416F-8664-AA7FFA26D6FC): 1
LogDevObjectVersion:   Dev-Destruction (174F1F0B-B4C6-45A5-B13F-2EE8D0FB917D): 2
LogInit: Presizing for max 16777216 objects, including 0 objects not considered by GC, pre-allocating 0 bytes for permanent pool.
LogInit: Object subsystem initialized
LogConfig: Setting CVar [[con.DebugEarlyDefault:1]]
LogConfig: Setting CVar [[r.setres:1280x720]]
[2019.11.02-12.11.51:463][  0]LogConfig: Setting CVar [[r.VSync:0]]
[2019.11.02-12.11.51:463][  0]LogConfig: Setting CVar [[r.RHICmdBypass:0]]
[2019.11.02-12.11.51:463][  0]LogConfig: Applying CVar settings from Section [/Script/Engine.RendererSettings] File [C:/courses/UEBlueprintCourse/MarsMarine/Saved/Config/Windows/Engine.ini]
[2019.11.02-12.11.51:463][  0]LogConfig: Setting CVar [[r.GPUCrashDebugging:0]]
[2019.11.02-12.11.51:463][  0]LogConfig: Applying CVar settings from Section [/Script/Engine.RendererOverrideSettings] File [C:/courses/UEBlueprintCourse/MarsMarine/Saved/Config/Windows/Engine.ini]
[2019.11.02-12.11.51:463][  0]LogConfig: Applying CVar settings from Section [/Script/Engine.StreamingSettings] File [C:/courses/UEBlueprintCourse/MarsMarine/Saved/Config/Windows/Engine.ini]
[2019.11.02-12.11.51:463][  0]LogConfig: Setting CVar [[s.MinBulkDataSizeForAsyncLoading:131072]]
[2019.11.02-12.11.51:463][  0]LogConfig: Setting CVar [[s.AsyncLoadingThreadEnabled:0]]
[2019.11.02-12.11.51:463][  0]LogConfig: Setting CVar [[s.EventDrivenLoaderEnabled:1]]
[2019.11.02-12.11.51:463][  0]LogConfig: Setting CVar [[s.WarnIfTimeLimitExceeded:0]]
[2019.11.02-12.11.51:463][  0]LogConfig: Setting CVar [[s.TimeLimitExceededMultiplier:1.5]]
[2019.11.02-12.11.51:463][  0]LogConfig: Setting CVar [[s.TimeLimitExceededMinTime:0.005]]
[2019.11.02-12.11.51:464][  0]LogConfig: Setting CVar [[s.UseBackgroundLevelStreaming:1]]
[2019.11.02-12.11.51:464][  0]LogConfig: Setting CVar [[s.PriorityAsyncLoadingExtraTime:15.0]]
[2019.11.02-12.11.51:464][  0]LogConfig: Setting CVar [[s.LevelStreamingActorsUpdateTimeLimit:5.0]]
[2019.11.02-12.11.51:464][  0]LogConfig: Setting CVar [[s.PriorityLevelStreamingActorsUpdateExtraTime:5.0]]
[2019.11.02-12.11.51:464][  0]LogConfig: Setting CVar [[s.LevelStreamingComponentsRegistrationGranularity:10]]
[2019.11.02-12.11.51:464][  0]LogConfig: Setting CVar [[s.UnregisterComponentsTimeLimit:1.0]]
[2019.11.02-12.11.51:464][  0]LogConfig: Setting CVar [[s.LevelStreamingComponentsUnregistrationGranularity:5]]
[2019.11.02-12.11.51:464][  0]LogConfig: Applying CVar settings from Section [/Script/Engine.GarbageCollectionSettings] File [C:/courses/UEBlueprintCourse/MarsMarine/Saved/Config/Windows/Engine.ini]
[2019.11.02-12.11.51:464][  0]LogConfig: Setting CVar [[gc.MaxObjectsNotConsideredByGC:1]]
[2019.11.02-12.11.51:464][  0]LogConfig: Setting CVar [[gc.SizeOfPermanentObjectPool:0]]
[2019.11.02-12.11.51:464][  0]LogConfig: Setting CVar [[gc.FlushStreamingOnGC:0]]
[2019.11.02-12.11.51:464][  0]LogConfig: Setting CVar [[gc.NumRetriesBeforeForcingGC:10]]
[2019.11.02-12.11.51:464][  0]LogConfig: Setting CVar [[gc.AllowParallelGC:1]]
[2019.11.02-12.11.51:464][  0]LogConfig: Setting CVar [[gc.TimeBetweenPurgingPendingKillObjects:61.1]]
[2019.11.02-12.11.51:464][  0]LogConfig: Setting CVar [[gc.MaxObjectsInEditor:16777216]]
[2019.11.02-12.11.51:464][  0]LogConfig: Setting CVar [[gc.IncrementalBeginDestroyEnabled:1]]
[2019.11.02-12.11.51:464][  0]LogConfig: Setting CVar [[gc.CreateGCClusters:1]]
[2019.11.02-12.11.51:464][  0]LogConfig: Setting CVar [[gc.MinGCClusterSize:5]]
[2019.11.02-12.11.51:464][  0]LogConfig: Setting CVar [[gc.ActorClusteringEnabled:0]]
[2019.11.02-12.11.51:465][  0]LogConfig: Setting CVar [[gc.BlueprintClusteringEnabled:0]]
[2019.11.02-12.11.51:465][  0]LogConfig: Setting CVar [[gc.UseDisregardForGCOnDedicatedServers:0]]
[2019.11.02-12.11.51:465][  0]LogConfig: Applying CVar settings from Section [/Script/Engine.NetworkSettings] File [C:/courses/UEBlueprintCourse/MarsMarine/Saved/Config/Windows/Engine.ini]
[2019.11.02-12.11.51:465][  0]LogConfig: Applying CVar settings from Section [/Script/UnrealEd.CookerSettings] File [C:/courses/UEBlueprintCourse/MarsMarine/Saved/Config/Windows/Engine.ini]
[2019.11.02-12.11.51:496][  0]LogConfig: Applying CVar settings from Section [ViewDistanceQuality@3] File [C:/courses/UEBlueprintCourse/MarsMarine/Saved/Config/Windows/Scalability.ini]
[2019.11.02-12.11.51:496][  0]LogConfig: Setting CVar [[r.SkeletalMeshLODBias:0]]
[2019.11.02-12.11.51:496][  0]LogConfig: Setting CVar [[r.ViewDistanceScale:1.0]]
[2019.11.02-12.11.51:496][  0]LogConfig: Applying CVar settings from Section [AntiAliasingQuality@3] File [C:/courses/UEBlueprintCourse/MarsMarine/Saved/Config/Windows/Scalability.ini]
[2019.11.02-12.11.51:496][  0]LogConfig: Setting CVar [[r.PostProcessAAQuality:4]]
[2019.11.02-12.11.51:496][  0]LogConfig: Applying CVar settings from Section [ShadowQuality@3] File [C:/courses/UEBlueprintCourse/MarsMarine/Saved/Config/Windows/Scalability.ini]
[2019.11.02-12.11.51:496][  0]LogConfig: Setting CVar [[r.LightFunctionQuality:1]]
[2019.11.02-12.11.51:497][  0]LogConfig: Setting CVar [[r.ShadowQuality:5]]
[2019.11.02-12.11.51:497][  0]LogConfig: Setting CVar [[r.Shadow.CSM.MaxCascades:10]]
[2019.11.02-12.11.51:497][  0]LogConfig: Setting CVar [[r.Shadow.MaxResolution:2048]]
[2019.11.02-12.11.51:497][  0]LogConfig: Setting CVar [[r.Shadow.MaxCSMResolution:2048]]
[2019.11.02-12.11.51:497][  0]LogConfig: Setting CVar [[r.Shadow.RadiusThreshold:0.01]]
[2019.11.02-12.11.51:497][  0]LogConfig: Setting CVar [[r.Shadow.DistanceScale:1.0]]
[2019.11.02-12.11.51:497][  0]LogConfig: Setting CVar [[r.Shadow.CSM.TransitionScale:1.0]]
[2019.11.02-12.11.51:497][  0]LogConfig: Setting CVar [[r.Shadow.PreShadowResolutionFactor:1.0]]
[2019.11.02-12.11.51:497][  0]LogConfig: Setting CVar [[r.DistanceFieldShadowing:1]]
[2019.11.02-12.11.51:497][  0]LogConfig: Setting CVar [[r.DistanceFieldAO:1]]
[2019.11.02-12.11.51:497][  0]LogConfig: Setting CVar [[r.AOQuality:2]]
[2019.11.02-12.11.51:497][  0]LogConfig: Setting CVar [[r.VolumetricFog:1]]
[2019.11.02-12.11.51:497][  0]LogConfig: Setting CVar [[r.VolumetricFog.GridPixelSize:8]]
[2019.11.02-12.11.51:497][  0]LogConfig: Setting CVar [[r.VolumetricFog.GridSizeZ:128]]
[2019.11.02-12.11.51:497][  0]LogConfig: Setting CVar [[r.VolumetricFog.HistoryMissSupersampleCount:4]]
[2019.11.02-12.11.51:497][  0]LogConfig: Setting CVar [[r.LightMaxDrawDistanceScale:1]]
[2019.11.02-12.11.51:497][  0]LogConfig: Setting CVar [[r.CapsuleShadows:1]]
[2019.11.02-12.11.51:497][  0]LogConfig: Applying CVar settings from Section [PostProcessQuality@3] File [C:/courses/UEBlueprintCourse/MarsMarine/Saved/Config/Windows/Scalability.ini]
[2019.11.02-12.11.51:498][  0]LogConfig: Setting CVar [[r.MotionBlurQuality:4]]
[2019.11.02-12.11.51:498][  0]LogConfig: Setting CVar [[r.AmbientOcclusionMipLevelFactor:0.4]]
[2019.11.02-12.11.51:498][  0]LogConfig: Setting CVar [[r.AmbientOcclusionMaxQuality:100]]
[2019.11.02-12.11.51:498][  0]LogConfig: Setting CVar [[r.AmbientOcclusionLevels:-1]]
[2019.11.02-12.11.51:498][  0]LogConfig: Setting CVar [[r.AmbientOcclusionRadiusScale:1.0]]
[2019.11.02-12.11.51:498][  0]LogConfig: Setting CVar [[r.DepthOfFieldQuality:2]]
[2019.11.02-12.11.51:498][  0]LogConfig: Setting CVar [[r.RenderTargetPoolMin:400]]
[2019.11.02-12.11.51:498][  0]LogConfig: Setting CVar [[r.LensFlareQuality:2]]
[2019.11.02-12.11.51:498][  0]LogConfig: Setting CVar [[r.SceneColorFringeQuality:1]]
[2019.11.02-12.11.51:498][  0]LogConfig: Setting CVar [[r.EyeAdaptationQuality:2]]
[2019.11.02-12.11.51:498][  0]LogConfig: Setting CVar [[r.BloomQuality:5]]
[2019.11.02-12.11.51:498][  0]LogConfig: Setting CVar [[r.FastBlurThreshold:100]]
[2019.11.02-12.11.51:498][  0]LogConfig: Setting CVar [[r.Upscale.Quality:3]]
[2019.11.02-12.11.51:498][  0]LogConfig: Setting CVar [[r.Tonemapper.GrainQuantization:1]]
[2019.11.02-12.11.51:498][  0]LogConfig: Setting CVar [[r.LightShaftQuality:1]]
[2019.11.02-12.11.51:498][  0]LogConfig: Setting CVar [[r.Filter.SizeScale:1]]
[2019.11.02-12.11.51:498][  0]LogConfig: Setting CVar [[r.Tonemapper.Quality:5]]
[2019.11.02-12.11.51:498][  0]LogConfig: Setting CVar [[r.DOF.Gather.AccumulatorQuality:1        ; higher gathering accumulator quality]]
[2019.11.02-12.11.51:498][  0]LogConfig: Setting CVar [[r.DOF.Gather.PostfilterMethod:1          ; Median3x3 postfilering method]]
[2019.11.02-12.11.51:498][  0]LogConfig: Setting CVar [[r.DOF.Gather.EnableBokehSettings:0       ; no bokeh simulation when gathering]]
[2019.11.02-12.11.51:499][  0]LogConfig: Setting CVar [[r.DOF.Gather.RingCount:4                 ; medium number of samples when gathering]]
[2019.11.02-12.11.51:499][  0]LogConfig: Setting CVar [[r.DOF.Scatter.ForegroundCompositing:1    ; additive foreground scattering]]
[2019.11.02-12.11.51:499][  0]LogConfig: Setting CVar [[r.DOF.Scatter.BackgroundCompositing:2    ; additive background scattering]]
[2019.11.02-12.11.51:499][  0]LogConfig: Setting CVar [[r.DOF.Scatter.EnableBokehSettings:1      ; bokeh simulation when scattering]]
[2019.11.02-12.11.51:499][  0]LogConfig: Setting CVar [[r.DOF.Scatter.MaxSpriteRatio:0.1         ; only a maximum of 10% of scattered bokeh]]
[2019.11.02-12.11.51:499][  0]LogConfig: Setting CVar [[r.DOF.Recombine.Quality:1                ; cheap slight out of focus]]
[2019.11.02-12.11.51:499][  0]LogConfig: Setting CVar [[r.DOF.Recombine.EnableBokehSettings:0    ; no bokeh simulation on slight out of focus]]
[2019.11.02-12.11.51:499][  0]LogConfig: Setting CVar [[r.DOF.TemporalAAQuality:1                ; more stable temporal accumulation]]
[2019.11.02-12.11.51:499][  0]LogConfig: Setting CVar [[r.DOF.Kernel.MaxForegroundRadius:0.025]]
[2019.11.02-12.11.51:499][  0]LogConfig: Setting CVar [[r.DOF.Kernel.MaxBackgroundRadius:0.025]]
[2019.11.02-12.11.51:499][  0]LogConfig: Applying CVar settings from Section [TextureQuality@3] File [C:/courses/UEBlueprintCourse/MarsMarine/Saved/Config/Windows/Scalability.ini]
[2019.11.02-12.11.51:499][  0]LogConfig: Setting CVar [[r.Streaming.MipBias:0]]
[2019.11.02-12.11.51:499][  0]LogConfig: Setting CVar [[r.Streaming.AmortizeCPUToGPUCopy:0]]
[2019.11.02-12.11.51:499][  0]LogConfig: Setting CVar [[r.Streaming.MaxNumTexturesToStreamPerFrame:0]]
[2019.11.02-12.11.51:499][  0]LogConfig: Setting CVar [[r.Streaming.Boost:1]]
[2019.11.02-12.11.51:499][  0]LogConfig: Setting CVar [[r.MaxAnisotropy:8]]
[2019.11.02-12.11.51:499][  0]LogConfig: Setting CVar [[r.Streaming.LimitPoolSizeToVRAM:0]]
[2019.11.02-12.11.51:499][  0]LogConfig: Setting CVar [[r.Streaming.PoolSize:1000]]
[2019.11.02-12.11.51:499][  0]LogConfig: Setting CVar [[r.Streaming.MaxEffectiveScreenSize:0]]
[2019.11.02-12.11.51:499][  0]LogConfig: Applying CVar settings from Section [EffectsQuality@3] File [C:/courses/UEBlueprintCourse/MarsMarine/Saved/Config/Windows/Scalability.ini]
[2019.11.02-12.11.51:500][  0]LogConfig: Setting CVar [[r.TranslucencyLightingVolumeDim:64]]
[2019.11.02-12.11.51:500][  0]LogConfig: Setting CVar [[r.RefractionQuality:2]]
[2019.11.02-12.11.51:500][  0]LogConfig: Setting CVar [[r.SSR.Quality:3]]
[2019.11.02-12.11.51:500][  0]LogConfig: Setting CVar [[r.SceneColorFormat:4]]
[2019.11.02-12.11.51:500][  0]LogConfig: Setting CVar [[r.DetailMode:2]]
[2019.11.02-12.11.51:500][  0]LogConfig: Setting CVar [[r.TranslucencyVolumeBlur:1]]
[2019.11.02-12.11.51:500][  0]LogConfig: Setting CVar [[r.MaterialQualityLevel:1 ; High quality]]
[2019.11.02-12.11.51:500][  0]LogConfig: Setting CVar [[r.SSS.Scale:1]]
[2019.11.02-12.11.51:500][  0]LogConfig: Setting CVar [[r.SSS.SampleSet:2]]
[2019.11.02-12.11.51:500][  0]LogConfig: Setting CVar [[r.SSS.Quality:1]]
[2019.11.02-12.11.51:500][  0]LogConfig: Setting CVar [[r.SSS.HalfRes:1]]
[2019.11.02-12.11.51:500][  0]LogConfig: Setting CVar [[r.EmitterSpawnRateScale:1.0]]
[2019.11.02-12.11.51:500][  0]LogConfig: Setting CVar [[r.ParticleLightQuality:2]]
[2019.11.02-12.11.51:500][  0]LogConfig: Applying CVar settings from Section [FoliageQuality@3] File [C:/courses/UEBlueprintCourse/MarsMarine/Saved/Config/Windows/Scalability.ini]
[2019.11.02-12.11.51:500][  0]LogConfig: Setting CVar [[foliage.DensityScale:1.0]]
[2019.11.02-12.11.51:500][  0]LogConfig: Setting CVar [[grass.DensityScale:1.0]]
[2019.11.02-12.11.51:502][  0]LogInit: Selected Device Profile: [Windows]
[2019.11.02-12.11.51:502][  0]LogInit: Applying CVar settings loaded from the selected device profile: [Windows]
[2019.11.02-12.11.51:568][  0]LogHAL: Display: Platform has ~ 8 GB [8519315456 / 8589934592 / 8], which maps to Default [LargestMinGB=32, LargerMinGB=12, DefaultMinGB=8, SmallerMinGB=6, SmallestMinGB=0)
[2019.11.02-12.11.51:569][  0]LogConfig: Setting CVar [[r.Vulkan.UseRealUBs:0		; Required until we fix HLR fall-out]]
[2019.11.02-12.11.51:569][  0]LogInit: Going up to parent DeviceProfile []
[2019.11.02-12.11.51:569][  0]LogConfig: Applying CVar settings from Section [ViewDistanceQuality@3] File [C:/courses/UEBlueprintCourse/MarsMarine/Saved/Config/Windows/Scalability.ini]
[2019.11.02-12.11.51:569][  0]LogConfig: Setting CVar [[r.SkeletalMeshLODBias:0]]
[2019.11.02-12.11.51:569][  0]LogConfig: Setting CVar [[r.ViewDistanceScale:1.0]]
[2019.11.02-12.11.51:569][  0]LogConfig: Applying CVar settings from Section [AntiAliasingQuality@3] File [C:/courses/UEBlueprintCourse/MarsMarine/Saved/Config/Windows/Scalability.ini]
[2019.11.02-12.11.51:569][  0]LogConfig: Setting CVar [[r.PostProcessAAQuality:4]]
[2019.11.02-12.11.51:569][  0]LogConfig: Applying CVar settings from Section [ShadowQuality@3] File [C:/courses/UEBlueprintCourse/MarsMarine/Saved/Config/Windows/Scalability.ini]
[2019.11.02-12.11.51:569][  0]LogConfig: Setting CVar [[r.LightFunctionQuality:1]]
[2019.11.02-12.11.51:570][  0]LogConfig: Setting CVar [[r.ShadowQuality:5]]
[2019.11.02-12.11.51:570][  0]LogConfig: Setting CVar [[r.Shadow.CSM.MaxCascades:10]]
[2019.11.02-12.11.51:570][  0]LogConfig: Setting CVar [[r.Shadow.MaxResolution:2048]]
[2019.11.02-12.11.51:570][  0]LogConfig: Setting CVar [[r.Shadow.MaxCSMResolution:2048]]
[2019.11.02-12.11.51:570][  0]LogConfig: Setting CVar [[r.Shadow.RadiusThreshold:0.01]]
[2019.11.02-12.11.51:570][  0]LogConfig: Setting CVar [[r.Shadow.DistanceScale:1.0]]
[2019.11.02-12.11.51:570][  0]LogConfig: Setting CVar [[r.Shadow.CSM.TransitionScale:1.0]]
[2019.11.02-12.11.51:570][  0]LogConfig: Setting CVar [[r.Shadow.PreShadowResolutionFactor:1.0]]
[2019.11.02-12.11.51:570][  0]LogConfig: Setting CVar [[r.DistanceFieldShadowing:1]]
[2019.11.02-12.11.51:570][  0]LogConfig: Setting CVar [[r.DistanceFieldAO:1]]
[2019.11.02-12.11.51:570][  0]LogConfig: Setting CVar [[r.AOQuality:2]]
[2019.11.02-12.11.51:570][  0]LogConfig: Setting CVar [[r.VolumetricFog:1]]
[2019.11.02-12.11.51:570][  0]LogConfig: Setting CVar [[r.VolumetricFog.GridPixelSize:8]]
[2019.11.02-12.11.51:570][  0]LogConfig: Setting CVar [[r.VolumetricFog.GridSizeZ:128]]
[2019.11.02-12.11.51:570][  0]LogConfig: Setting CVar [[r.VolumetricFog.HistoryMissSupersampleCount:4]]
[2019.11.02-12.11.51:570][  0]LogConfig: Setting CVar [[r.LightMaxDrawDistanceScale:1]]
[2019.11.02-12.11.51:570][  0]LogConfig: Setting CVar [[r.CapsuleShadows:1]]
[2019.11.02-12.11.51:570][  0]LogConfig: Applying CVar settings from Section [PostProcessQuality@3] File [C:/courses/UEBlueprintCourse/MarsMarine/Saved/Config/Windows/Scalability.ini]
[2019.11.02-12.11.51:570][  0]LogConfig: Setting CVar [[r.MotionBlurQuality:4]]
[2019.11.02-12.11.51:570][  0]LogConfig: Setting CVar [[r.AmbientOcclusionMipLevelFactor:0.4]]
[2019.11.02-12.11.51:570][  0]LogConfig: Setting CVar [[r.AmbientOcclusionMaxQuality:100]]
[2019.11.02-12.11.51:570][  0]LogConfig: Setting CVar [[r.AmbientOcclusionLevels:-1]]
[2019.11.02-12.11.51:570][  0]LogConfig: Setting CVar [[r.AmbientOcclusionRadiusScale:1.0]]
[2019.11.02-12.11.51:570][  0]LogConfig: Setting CVar [[r.DepthOfFieldQuality:2]]
[2019.11.02-12.11.51:570][  0]LogConfig: Setting CVar [[r.RenderTargetPoolMin:400]]
[2019.11.02-12.11.51:570][  0]LogConfig: Setting CVar [[r.LensFlareQuality:2]]
[2019.11.02-12.11.51:570][  0]LogConfig: Setting CVar [[r.SceneColorFringeQuality:1]]
[2019.11.02-12.11.51:570][  0]LogConfig: Setting CVar [[r.EyeAdaptationQuality:2]]
[2019.11.02-12.11.51:570][  0]LogConfig: Setting CVar [[r.BloomQuality:5]]
[2019.11.02-12.11.51:570][  0]LogConfig: Setting CVar [[r.FastBlurThreshold:100]]
[2019.11.02-12.11.51:570][  0]LogConfig: Setting CVar [[r.Upscale.Quality:3]]
[2019.11.02-12.11.51:570][  0]LogConfig: Setting CVar [[r.Tonemapper.GrainQuantization:1]]
[2019.11.02-12.11.51:570][  0]LogConfig: Setting CVar [[r.LightShaftQuality:1]]
[2019.11.02-12.11.51:570][  0]LogConfig: Setting CVar [[r.Filter.SizeScale:1]]
[2019.11.02-12.11.51:570][  0]LogConfig: Setting CVar [[r.Tonemapper.Quality:5]]
[2019.11.02-12.11.51:570][  0]LogConfig: Setting CVar [[r.DOF.Gather.AccumulatorQuality:1        ; higher gathering accumulator quality]]
[2019.11.02-12.11.51:570][  0]LogConfig: Setting CVar [[r.DOF.Gather.PostfilterMethod:1          ; Median3x3 postfilering method]]
[2019.11.02-12.11.51:570][  0]LogConfig: Setting CVar [[r.DOF.Gather.EnableBokehSettings:0       ; no bokeh simulation when gathering]]
[2019.11.02-12.11.51:570][  0]LogConfig: Setting CVar [[r.DOF.Gather.RingCount:4                 ; medium number of samples when gathering]]
[2019.11.02-12.11.51:571][  0]LogConfig: Setting CVar [[r.DOF.Scatter.ForegroundCompositing:1    ; additive foreground scattering]]
[2019.11.02-12.11.51:571][  0]LogConfig: Setting CVar [[r.DOF.Scatter.BackgroundCompositing:2    ; additive background scattering]]
[2019.11.02-12.11.51:571][  0]LogConfig: Setting CVar [[r.DOF.Scatter.EnableBokehSettings:1      ; bokeh simulation when scattering]]
[2019.11.02-12.11.51:571][  0]LogConfig: Setting CVar [[r.DOF.Scatter.MaxSpriteRatio:0.1         ; only a maximum of 10% of scattered bokeh]]
[2019.11.02-12.11.51:571][  0]LogConfig: Setting CVar [[r.DOF.Recombine.Quality:1                ; cheap slight out of focus]]
[2019.11.02-12.11.51:571][  0]LogConfig: Setting CVar [[r.DOF.Recombine.EnableBokehSettings:0    ; no bokeh simulation on slight out of focus]]
[2019.11.02-12.11.51:571][  0]LogConfig: Setting CVar [[r.DOF.TemporalAAQuality:1                ; more stable temporal accumulation]]
[2019.11.02-12.11.51:571][  0]LogConfig: Setting CVar [[r.DOF.Kernel.MaxForegroundRadius:0.025]]
[2019.11.02-12.11.51:571][  0]LogConfig: Setting CVar [[r.DOF.Kernel.MaxBackgroundRadius:0.025]]
[2019.11.02-12.11.51:571][  0]LogConfig: Applying CVar settings from Section [TextureQuality@3] File [C:/courses/UEBlueprintCourse/MarsMarine/Saved/Config/Windows/Scalability.ini]
[2019.11.02-12.11.51:571][  0]LogConfig: Setting CVar [[r.Streaming.MipBias:0]]
[2019.11.02-12.11.51:571][  0]LogConfig: Setting CVar [[r.Streaming.AmortizeCPUToGPUCopy:0]]
[2019.11.02-12.11.51:571][  0]LogConfig: Setting CVar [[r.Streaming.MaxNumTexturesToStreamPerFrame:0]]
[2019.11.02-12.11.51:571][  0]LogConfig: Setting CVar [[r.Streaming.Boost:1]]
[2019.11.02-12.11.51:571][  0]LogConfig: Setting CVar [[r.MaxAnisotropy:8]]
[2019.11.02-12.11.51:571][  0]LogConfig: Setting CVar [[r.Streaming.LimitPoolSizeToVRAM:0]]
[2019.11.02-12.11.51:571][  0]LogConfig: Setting CVar [[r.Streaming.PoolSize:1000]]
[2019.11.02-12.11.51:571][  0]LogConfig: Setting CVar [[r.Streaming.MaxEffectiveScreenSize:0]]
[2019.11.02-12.11.51:571][  0]LogConfig: Applying CVar settings from Section [EffectsQuality@3] File [C:/courses/UEBlueprintCourse/MarsMarine/Saved/Config/Windows/Scalability.ini]
[2019.11.02-12.11.51:571][  0]LogConfig: Setting CVar [[r.TranslucencyLightingVolumeDim:64]]
[2019.11.02-12.11.51:571][  0]LogConfig: Setting CVar [[r.RefractionQuality:2]]
[2019.11.02-12.11.51:571][  0]LogConfig: Setting CVar [[r.SSR.Quality:3]]
[2019.11.02-12.11.51:571][  0]LogConfig: Setting CVar [[r.SceneColorFormat:4]]
[2019.11.02-12.11.51:571][  0]LogConfig: Setting CVar [[r.DetailMode:2]]
[2019.11.02-12.11.51:571][  0]LogConfig: Setting CVar [[r.TranslucencyVolumeBlur:1]]
[2019.11.02-12.11.51:571][  0]LogConfig: Setting CVar [[r.MaterialQualityLevel:1 ; High quality]]
[2019.11.02-12.11.51:571][  0]LogConfig: Setting CVar [[r.SSS.Scale:1]]
[2019.11.02-12.11.51:571][  0]LogConfig: Setting CVar [[r.SSS.SampleSet:2]]
[2019.11.02-12.11.51:571][  0]LogConfig: Setting CVar [[r.SSS.Quality:1]]
[2019.11.02-12.11.51:571][  0]LogConfig: Setting CVar [[r.SSS.HalfRes:1]]
[2019.11.02-12.11.51:571][  0]LogConfig: Setting CVar [[r.EmitterSpawnRateScale:1.0]]
[2019.11.02-12.11.51:571][  0]LogConfig: Setting CVar [[r.ParticleLightQuality:2]]
[2019.11.02-12.11.51:571][  0]LogConfig: Applying CVar settings from Section [FoliageQuality@3] File [C:/courses/UEBlueprintCourse/MarsMarine/Saved/Config/Windows/Scalability.ini]
[2019.11.02-12.11.51:571][  0]LogConfig: Setting CVar [[foliage.DensityScale:1.0]]
[2019.11.02-12.11.51:571][  0]LogConfig: Setting CVar [[grass.DensityScale:1.0]]
[2019.11.02-12.11.51:571][  0]LogConfig: Applying CVar settings from Section [Startup] File [../../../Engine/Config/ConsoleVariables.ini]
[2019.11.02-12.11.51:580][  0]LogConfig: Setting CVar [[net.UseAdaptiveNetUpdateFrequency:0]]
[2019.11.02-12.11.51:581][  0]LogConfig: Setting CVar [[p.chaos.AllowCreatePhysxBodies:1]]
[2019.11.02-12.11.51:581][  0]LogConfig: Applying CVar settings from Section [ConsoleVariables] File [C:/courses/UEBlueprintCourse/MarsMarine/Saved/Config/Windows/Engine.ini]
[2019.11.02-12.11.51:582][  0]LogInit: Computer: CHURRIANA
[2019.11.02-12.11.51:582][  0]LogInit: User: joker
[2019.11.02-12.11.51:582][  0]LogInit: CPU Page size=4096, Cores=4
[2019.11.02-12.11.51:582][  0]LogInit: High frequency timer resolution =10.000000 MHz
[2019.11.02-12.11.51:583][  0]LogMemory: Memory total: Physical=7.9GB (8GB approx)
[2019.11.02-12.11.51:583][  0]LogMemory: Platform Memory Stats for Windows
[2019.11.02-12.11.51:583][  0]LogMemory: Process Physical Memory: 96.73 MB used, 96.74 MB peak
[2019.11.02-12.11.51:583][  0]LogMemory: Process Virtual Memory: 91.85 MB used, 91.85 MB peak
[2019.11.02-12.11.51:583][  0]LogMemory: Physical Memory: 5317.58 MB used,  2807.07 MB free, 8124.65 MB total
[2019.11.02-12.11.51:583][  0]LogMemory: Virtual Memory: 4632.96 MB used,  134213096.00 MB free, 134217728.00 MB total
[2019.11.02-12.11.51:802][  0]LogInit: Using OS detected language (en-US).
[2019.11.02-12.11.51:802][  0]LogInit: Using OS detected locale (en-US).
[2019.11.02-12.11.51:803][  0]LogTextLocalizationManager: No specific localization for 'en-US' exists, so the 'en' localization will be used.
[2019.11.02-12.11.52:086][  0]LogInit: Setting process to per monitor DPI aware
[2019.11.02-12.11.52:176][  0]LogSlate: New Slate User Created.  User Index 0, Is Virtual User: 0
[2019.11.02-12.11.52:176][  0]LogSlate: Slate User Registered.  User Index 0, Is Virtual User: 0
[2019.11.02-12.11.54:216][  0]LogHMD: Failed to initialize OpenVR with code 110
[2019.11.02-12.11.54:216][  0]LogD3D11RHI: D3D11 adapters:
[2019.11.02-12.11.54:285][  0]LogD3D11RHI:    0. 'NVIDIA GeForce GTX 970' (Feature Level 11_0)
[2019.11.02-12.11.54:285][  0]LogD3D11RHI:       4043/0/4062 MB DedicatedVideo/DedicatedSystem/SharedSystem, Outputs:2, VendorId:0x10de
[2019.11.02-12.11.54:287][  0]LogD3D11RHI:    1. 'Microsoft Basic Render Driver' (Feature Level 11_0)
[2019.11.02-12.11.54:287][  0]LogD3D11RHI:       0/0/4062 MB DedicatedVideo/DedicatedSystem/SharedSystem, Outputs:0, VendorId:0x1414
[2019.11.02-12.11.54:287][  0]LogD3D11RHI: Chosen D3D11 Adapter: 0
[2019.11.02-12.11.54:294][  0]LogD3D11RHI: Creating new Direct3DDevice
[2019.11.02-12.11.54:294][  0]LogD3D11RHI:     GPU DeviceId: 0x13c2 (for the marketing name, search the web for "GPU Device Id")
[2019.11.02-12.11.54:294][  0]LogWindows: EnumDisplayDevices:
[2019.11.02-12.11.54:294][  0]LogWindows:    0. 'NVIDIA GeForce GTX 970' (P:1 D:1)
[2019.11.02-12.11.54:294][  0]LogWindows:    1. 'NVIDIA GeForce GTX 970' (P:0 D:1)
[2019.11.02-12.11.54:294][  0]LogWindows:    2. 'NVIDIA GeForce GTX 970' (P:0 D:0)
[2019.11.02-12.11.54:295][  0]LogWindows:    3. 'NVIDIA GeForce GTX 970' (P:0 D:0)
[2019.11.02-12.11.54:295][  0]LogWindows: DebugString: FoundDriverCount:4 
[2019.11.02-12.11.54:295][  0]LogD3D11RHI:     Adapter Name: NVIDIA GeForce GTX 970
[2019.11.02-12.11.54:295][  0]LogD3D11RHI:   Driver Version: 436.30 (internal:26.21.14.3630, unified:436.30)
[2019.11.02-12.11.54:295][  0]LogD3D11RHI:      Driver Date: 9-5-2019
[2019.11.02-12.11.54:295][  0]LogRHI: Texture pool is 2830 MB (70% of 4043 MB)
[2019.11.02-12.11.54:340][  0]LogD3D11RHI: Async texture creation enabled
[2019.11.02-12.11.54:369][  0]LogRendererCore: FGlobalReadBuffer::InitRHI
[2019.11.02-12.11.54:369][  0]LogRendererCore: FGlobalReadBuffer::InitRHI
[2019.11.02-12.11.54:369][  0]LogRendererCore: FGlobalReadBuffer::InitRHI
[2019.11.02-12.11.54:378][  0]LogD3D11RHI: GPU Timing Frequency: 1000.000000 (Debug: 2 1)
[2019.11.02-12.11.54:883][  0]LogTemp: Display: Module 'AllDesktopTargetPlatform' loaded TargetPlatform 'AllDesktop'
[2019.11.02-12.11.54:898][  0]LogTemp: Display: Module 'MacClientTargetPlatform' loaded TargetPlatform 'MacClient'
[2019.11.02-12.11.54:912][  0]LogTemp: Display: Module 'MacNoEditorTargetPlatform' loaded TargetPlatform 'MacNoEditor'
[2019.11.02-12.11.54:926][  0]LogTemp: Display: Module 'MacServerTargetPlatform' loaded TargetPlatform 'MacServer'
[2019.11.02-12.11.54:945][  0]LogTemp: Display: Module 'MacTargetPlatform' loaded TargetPlatform 'Mac'
[2019.11.02-12.11.54:960][  0]LogTemp: Display: Module 'WindowsClientTargetPlatform' loaded TargetPlatform 'WindowsClient'
[2019.11.02-12.11.54:977][  0]LogTemp: Display: Module 'WindowsNoEditorTargetPlatform' loaded TargetPlatform 'WindowsNoEditor'
[2019.11.02-12.11.54:991][  0]LogTemp: Display: Module 'WindowsServerTargetPlatform' loaded TargetPlatform 'WindowsServer'
[2019.11.02-12.11.54:999][  0]LogTemp: Display: Module 'WindowsTargetPlatform' loaded TargetPlatform 'Windows'
[2019.11.02-12.11.55:091][  0]LogTemp: Display: Module 'AndroidTargetPlatform' loaded TargetPlatform 'Android'
[2019.11.02-12.11.55:091][  0]LogTemp: Display: Module 'AndroidTargetPlatform' loaded TargetPlatform 'Android_ASTC'
[2019.11.02-12.11.55:091][  0]LogTemp: Display: Module 'AndroidTargetPlatform' loaded TargetPlatform 'Android_ATC'
[2019.11.02-12.11.55:091][  0]LogTemp: Display: Module 'AndroidTargetPlatform' loaded TargetPlatform 'Android_DXT'
[2019.11.02-12.11.55:091][  0]LogTemp: Display: Module 'AndroidTargetPlatform' loaded TargetPlatform 'Android_ETC1'
[2019.11.02-12.11.55:091][  0]LogTemp: Display: Module 'AndroidTargetPlatform' loaded TargetPlatform 'Android_ETC1a'
[2019.11.02-12.11.55:091][  0]LogTemp: Display: Module 'AndroidTargetPlatform' loaded TargetPlatform 'Android_ETC2'
[2019.11.02-12.11.55:091][  0]LogTemp: Display: Module 'AndroidTargetPlatform' loaded TargetPlatform 'Android_PVRTC'
[2019.11.02-12.11.55:091][  0]LogTemp: Display: Module 'AndroidTargetPlatform' loaded TargetPlatform 'AndroidClient'
[2019.11.02-12.11.55:091][  0]LogTemp: Display: Module 'AndroidTargetPlatform' loaded TargetPlatform 'Android_ASTCClient'
[2019.11.02-12.11.55:091][  0]LogTemp: Display: Module 'AndroidTargetPlatform' loaded TargetPlatform 'Android_ATCClient'
[2019.11.02-12.11.55:091][  0]LogTemp: Display: Module 'AndroidTargetPlatform' loaded TargetPlatform 'Android_DXTClient'
[2019.11.02-12.11.55:091][  0]LogTemp: Display: Module 'AndroidTargetPlatform' loaded TargetPlatform 'Android_ETC1Client'
[2019.11.02-12.11.55:091][  0]LogTemp: Display: Module 'AndroidTargetPlatform' loaded TargetPlatform 'Android_ETC1aClient'
[2019.11.02-12.11.55:091][  0]LogTemp: Display: Module 'AndroidTargetPlatform' loaded TargetPlatform 'Android_ETC2Client'
[2019.11.02-12.11.55:091][  0]LogTemp: Display: Module 'AndroidTargetPlatform' loaded TargetPlatform 'Android_PVRTCClient'
[2019.11.02-12.11.55:091][  0]LogTemp: Display: Module 'AndroidTargetPlatform' loaded TargetPlatform 'Android_Multi'
[2019.11.02-12.11.55:091][  0]LogTemp: Display: Module 'AndroidTargetPlatform' loaded TargetPlatform 'Android_MultiClient'
[2019.11.02-12.11.55:093][  0]LogTemp: Display: Module 'HTML5TargetPlatform' loaded TargetPlatform 'HTML5'
[2019.11.02-12.11.55:154][  0]LogTemp: Display: Module 'IOSTargetPlatform' loaded TargetPlatform 'IOSClient'
[2019.11.02-12.11.55:154][  0]LogTemp: Display: Module 'IOSTargetPlatform' loaded TargetPlatform 'IOS'
[2019.11.02-12.11.55:179][  0]LogTemp: Display: Module 'TVOSTargetPlatform' loaded TargetPlatform 'TVOSClient'
[2019.11.02-12.11.55:179][  0]LogTemp: Display: Module 'TVOSTargetPlatform' loaded TargetPlatform 'TVOS'
[2019.11.02-12.11.55:192][  0]LogTemp: Display: Module 'LinuxClientTargetPlatform' loaded TargetPlatform 'LinuxClient'
[2019.11.02-12.11.55:205][  0]LogTemp: Display: Module 'LinuxNoEditorTargetPlatform' loaded TargetPlatform 'LinuxNoEditor'
[2019.11.02-12.11.55:218][  0]LogTemp: Display: Module 'LinuxServerTargetPlatform' loaded TargetPlatform 'LinuxServer'
[2019.11.02-12.11.55:240][  0]LogTemp: Display: Module 'LinuxTargetPlatform' loaded TargetPlatform 'Linux'
[2019.11.02-12.11.55:290][  0]LogTemp: Display: Module 'LuminTargetPlatform' loaded TargetPlatform 'Lumin'
[2019.11.02-12.11.55:290][  0]LogTemp: Display: Module 'LuminTargetPlatform' loaded TargetPlatform 'LuminClient'
[2019.11.02-12.11.55:290][  0]LogTargetPlatformManager: Display: Building Assets For Windows
[2019.11.02-12.11.55:329][  0]LogAudioDebug: Display: Lib vorbis DLL was dynamically loaded.
[2019.11.02-12.11.55:436][  0]LogShaderCompilers: Guid format shader working directory is -9 characters bigger than the processId version (../../../../../../courses/UEBlueprintCourse/MarsMarine/Intermediate/Shaders/WorkingDirectory/12092/).
[2019.11.02-12.11.55:436][  0]LogShaderCompilers: Cleaned the shader compiler working directory 'C:/Users/joker/AppData/Local/Temp/UnrealShaderWorkingDir/BFEA0F314B4C9FC228DF05BDB3573E87/'.
[2019.11.02-12.11.55:439][  0]LogXGEController: Cleaning working directory: C:/Users/joker/AppData/Local/Temp/UnrealXGEWorkingDir/
[2019.11.02-12.11.55:439][  0]LogXGEController: Cannot use XGE Controller as Incredibuild is not installed on this machine.
[2019.11.02-12.11.55:439][  0]LogShaderCompilers: Cannot use XGE Shader Compiler as Incredibuild is not installed on this machine.
[2019.11.02-12.11.55:439][  0]LogShaderCompilers: Display: Using Local Shader Compiler.
[2019.11.02-12.11.57:468][  0]LogDerivedDataCache: Display: Max Cache Size: 512 MB
[2019.11.02-12.11.57:699][  0]LogDerivedDataCache: Loaded boot cache 0.23s 72MB C:/Users/joker/AppData/Local/UnrealEngine/4.22/DerivedDataCache/Boot.ddc.
[2019.11.02-12.11.57:699][  0]LogDerivedDataCache: Display: Loaded Boot cache: C:/Users/joker/AppData/Local/UnrealEngine/4.22/DerivedDataCache/Boot.ddc
[2019.11.02-12.11.57:699][  0]LogDerivedDataCache: FDerivedDataBackendGraph:  Pak pak cache file ../../../../../../courses/UEBlueprintCourse/MarsMarine/DerivedDataCache/DDC.ddp not found, will not use a pak cache.
[2019.11.02-12.11.57:699][  0]LogDerivedDataCache: Unable to find inner node Pak for hierarchical cache Hierarchy.
[2019.11.02-12.11.57:699][  0]LogDerivedDataCache: FDerivedDataBackendGraph:  CompressedPak pak cache file ../../../../../../courses/UEBlueprintCourse/MarsMarine/DerivedDataCache/Compressed.ddp not found, will not use a pak cache.
[2019.11.02-12.11.57:699][  0]LogDerivedDataCache: Unable to find inner node CompressedPak for hierarchical cache Hierarchy.
[2019.11.02-12.11.57:728][  0]LogDerivedDataCache: Display: Pak cache opened for reading ../../../Engine/DerivedDataCache/Compressed.ddp.
[2019.11.02-12.11.57:739][  0]LogDerivedDataCache: Display: Pak cache opened for reading ../../../Enterprise/DerivedDataCache/Compressed.ddp.
[2019.11.02-12.11.57:751][  0]LogDerivedDataCache: Using Local data cache path C:/Users/joker/AppData/Local/UnrealEngine/Common/DerivedDataCache: Writable
[2019.11.02-12.11.57:751][  0]LogDerivedDataCache: Shared data cache path not found in *engine.ini, will not use an Shared cache.
[2019.11.02-12.11.57:751][  0]LogDerivedDataCache: Unable to find inner node Shared for hierarchical cache Hierarchy.
[2019.11.02-12.11.57:780][  0]LogMaterial: Verifying Global Shaders for PCD3D_SM5
[2019.11.02-12.11.57:785][  0]LogSlate: Using FreeType 2.6.0
[2019.11.02-12.11.57:804][  0]LogSlate: SlateFontServices - WITH_FREETYPE: 1, WITH_HARFBUZZ: 1
[2019.11.02-12.11.58:059][  0]LogAssetRegistry: FAssetRegistry took 0.0360 seconds to start up
[2019.11.02-12.11.58:557][  0]LogInit: Selected Device Profile: [Windows]
[2019.11.02-12.11.58:856][  0]LogMeshReduction: Using QuadricMeshReduction for automatic static mesh reduction
[2019.11.02-12.11.58:856][  0]LogMeshReduction: Using SimplygonMeshReduction for automatic skeletal mesh reduction
[2019.11.02-12.11.58:856][  0]LogMeshReduction: Using ProxyLODMeshReduction for automatic mesh merging
[2019.11.02-12.11.58:856][  0]LogMeshReduction: No distributed automatic mesh merging module available
[2019.11.02-12.11.58:857][  0]LogMeshMerging: No distributed automatic mesh merging module available
[2019.11.02-12.11.58:906][  0]LogNetVersion: MarsMarine 1.0.0, NetCL: 5660361, EngineNetVer: 10, GameNetVer: 0 (Checksum: 1592538907)
[2019.11.02-12.11.59:881][  0]LogPackageLocalizationCache: Processed 10 localized package path(s) for 1 prioritized culture(s) in 0.040604 seconds
[2019.11.02-12.11.59:888][  0]LogUObjectArray: 42205 objects as part of root set at end of initial load.
[2019.11.02-12.11.59:888][  0]LogUObjectAllocator: 7325032 out of 0 bytes used by permanent object pool.
[2019.11.02-12.11.59:888][  0]LogUObjectArray: CloseDisregardForGC: 0/0 objects in disregard for GC pool
[2019.11.02-12.12.02:397][  0]LogTcpMessaging: Initializing TcpMessaging bridge
[2019.11.02-12.12.02:428][  0]LogUdpMessaging: Initializing bridge on interface 0.0.0.0:0 to multicast group 230.0.0.1:6666.
[2019.11.02-12.12.02:586][  0]SourceControl: Source control is disabled
[2019.11.02-12.12.02:587][  0]SourceControl: Source control is disabled
[2019.11.02-12.12.02:595][  0]SourceControl: Source control is disabled
[2019.11.02-12.12.02:599][  0]SourceControl: Source control is disabled
[2019.11.02-12.12.02:610][  0]LogVSAccessor: Display: Unable to create Visual Studio setup instance: 80040154
[2019.11.02-12.12.02:611][  0]LogVSAccessor: Display: Unable to create Visual Studio setup instance: 80040154
[2019.11.02-12.12.02:775][  0]LogAndroidPermission: UAndroidPermissionCallbackProxy::GetInstance
[2019.11.02-12.12.02:870][  0]LogOcInput: OculusInput pre-init called
[2019.11.02-12.12.03:629][  0]LogEngine: Initializing Engine...
[2019.11.02-12.12.03:632][  0]LogHMD: Failed to initialize OpenVR with code 110
[2019.11.02-12.12.03:636][  0]LogStats: UGameplayTagsManager::InitializeManager -  0.001 s
[2019.11.02-12.12.03:854][  0]LogInit: Initializing FReadOnlyCVARCache
[2019.11.02-12.12.03:919][  0]LogAIModule: Creating AISystem for world Untitled
[2019.11.02-12.12.03:949][  0]LogInit: XAudio2 using 'Speakers (High Definition Audio Device)' : 2 channels at 48 kHz using 16 bits per sample (channel mask 0x3)
[2019.11.02-12.12.03:968][  0]LogInit: FAudioDevice initialized.
[2019.11.02-12.12.03:969][  0]LogNetVersion: Set ProjectVersion to 1.0.0.0. Version Checksum will be recalculated on next use.
[2019.11.02-12.12.04:044][  0]LogDerivedDataCache: Saved boot cache 0.07s 72MB C:/Users/joker/AppData/Local/UnrealEngine/4.22/DerivedDataCache/Boot.ddc.
[2019.11.02-12.12.04:048][  0]LogInit: Texture streaming: Enabled
[2019.11.02-12.12.04:075][  0]LogEngineSessionManager: EngineSessionManager initialized
[2019.11.02-12.12.04:113][  0]LogInit: Transaction tracking system initialized
[2019.11.02-12.12.04:165][  0]BlueprintLog: New page: Editor Load
[2019.11.02-12.12.04:370][  0]LocalizationService: Localization service is disabled
[2019.11.02-12.12.04:646][  0]LogVSAccessor: Display: Unable to create Visual Studio setup instance: 80040154
[2019.11.02-12.12.04:646][  0]LogVSAccessor: Display: Unable to create Visual Studio setup instance: 80040154
[2019.11.02-12.12.04:823][  0]LogFileCache: Scanning file cache for directory 'C:/courses/UEBlueprintCourse/MarsMarine/Content/' took 0.02s
[2019.11.02-12.12.04:823][  0]LogCook: Display: Max memory allowance for cook 16384mb min free memory 0mb
[2019.11.02-12.12.04:823][  0]LogCook: Display: Mobile HDR setting 1
[2019.11.02-12.12.05:197][  0]SourceControl: Source control is disabled
[2019.11.02-12.12.05:199][  0]Cmd: MAP LOAD FILE="../../../../../../courses/UEBlueprintCourse/MarsMarine/Content/Levels/Mars.umap" TEMPLATE=0 SHOWPROGRESS=1 FEATURELEVEL=3
[2019.11.02-12.12.05:205][  0]LightingResults: New page: Lighting Build
[2019.11.02-12.12.05:215][  0]MapCheck: New page: Map Check
[2019.11.02-12.12.05:215][  0]LightingResults: New page: Lighting Build
[2019.11.02-12.12.05:255][  0]LogUObjectHash: Compacting FUObjectHashTables data took   1.87ms
[2019.11.02-12.12.05:485][  0]LogTexture: Display: Building textures: Texture2D_63 (BGRA8, 512X512)
[2019.11.02-12.12.05:528][  0]LogMaterial: Display: Missing cached shader map for material M_Rock_Sandstone, compiling. 
[2019.11.02-12.12.05:620][  0]LogShaderCompilers: Display: Shaders left to compile 60
[2019.11.02-12.12.05:620][  0]LogShaderCompilers: Display: Shaders left to compile 50
[2019.11.02-12.12.05:620][  0]LogShaderCompilers: Display: Shaders left to compile 40
[2019.11.02-12.12.05:787][  0]LogStaticMesh: Building static mesh SM_Rock...
[2019.11.02-12.12.05:801][  0]LogStaticMesh: Built static mesh [0.01s] /Game/Rocks/SM_Rock.SM_Rock
[2019.11.02-12.12.05:817][  0]LogAIModule: Creating AISystem for world Mars
[2019.11.02-12.12.05:924][  0]LogEditorServer: Finished looking for orphan Actors (0.000 secs)
[2019.11.02-12.12.05:957][  0]LogUObjectHash: Compacting FUObjectHashTables data took   2.01ms
[2019.11.02-12.12.05:958][  0]Cmd: MAP CHECKDEP NOCLEARLOG
[2019.11.02-12.12.05:959][  0]MapCheck: Map check complete: 0 Error(s), 0 Warning(s), took 0.471ms to complete.
[2019.11.02-12.12.05:959][  0]LogFileHelpers: Loading map 'Mars' took 0.761
[2019.11.02-12.12.06:191][  0]LogSlate: Updating window title bar state: overlay mode, drag disabled, window buttons hidden, title bar hidden
[2019.11.02-12.12.06:201][  0]LogSlate: Updating window title bar state: overlay mode, drag disabled, window buttons hidden, title bar hidden
[2019.11.02-12.12.06:208][  0]LogSlate: Updating window title bar state: overlay mode, drag disabled, window buttons hidden, title bar hidden
[2019.11.02-12.12.06:217][  0]LogSlate: Updating window title bar state: overlay mode, drag disabled, window buttons hidden, title bar hidden
[2019.11.02-12.12.06:237][  0]LogCollectionManager: Loaded 0 collections in 0.001753 seconds
[2019.11.02-12.12.06:308][  0]LogFileCache: Scanning file cache for directory 'C:/courses/UEBlueprintCourse/MarsMarine/Saved/Collections/' took 0.01s
[2019.11.02-12.12.06:308][  0]LogFileCache: Scanning file cache for directory 'C:/courses/UEBlueprintCourse/MarsMarine/Content/Developers/joker/Collections/' took 0.01s
[2019.11.02-12.12.06:308][  0]LogFileCache: Scanning file cache for directory 'C:/courses/UEBlueprintCourse/MarsMarine/Content/Collections/' took 0.01s
[2019.11.02-12.12.06:308][  0]LogCollectionManager: Rebuilt the GUID cache for 0 collections in 0.000000 seconds
[2019.11.02-12.12.06:322][  0]LogContentBrowser: Native class hierarchy populated in 0.0121 seconds. Added 2732 classes and 659 folders.
[2019.11.02-12.12.06:338][  0]LogContentBrowser: Native class hierarchy updated for 'WidgetCarousel' in 0.0003 seconds. Added 0 classes and 0 folders.
[2019.11.02-12.12.06:347][  0]LogPakFile: Registered encryption key '00000000000000000000000000000000': 0 pak files mounted, 0 remain pending
[2019.11.02-12.12.06:355][  0]LogPakFile: Registered encryption key '00000000000000000000000000000000': 0 pak files mounted, 0 remain pending
[2019.11.02-12.12.06:369][  0]LogPakFile: Registered encryption key '00000000000000000000000000000000': 0 pak files mounted, 0 remain pending
[2019.11.02-12.12.06:375][  0]LogPakFile: Registered encryption key '00000000000000000000000000000000': 0 pak files mounted, 0 remain pending
[2019.11.02-12.12.06:381][  0]LogPakFile: Registered encryption key '00000000000000000000000000000000': 0 pak files mounted, 0 remain pending
[2019.11.02-12.12.06:387][  0]LogPakFile: Registered encryption key '00000000000000000000000000000000': 0 pak files mounted, 0 remain pending
[2019.11.02-12.12.06:392][  0]LogPakFile: Registered encryption key '00000000000000000000000000000000': 0 pak files mounted, 0 remain pending
[2019.11.02-12.12.06:398][  0]LogPakFile: Registered encryption key '00000000000000000000000000000000': 0 pak files mounted, 0 remain pending
[2019.11.02-12.12.06:403][  0]LogPakFile: Registered encryption key '00000000000000000000000000000000': 0 pak files mounted, 0 remain pending
[2019.11.02-12.12.06:409][  0]LogPakFile: Registered encryption key '00000000000000000000000000000000': 0 pak files mounted, 0 remain pending
[2019.11.02-12.12.06:415][  0]LogPakFile: Registered encryption key '00000000000000000000000000000000': 0 pak files mounted, 0 remain pending
[2019.11.02-12.12.06:421][  0]LogPakFile: Registered encryption key '00000000000000000000000000000000': 0 pak files mounted, 0 remain pending
[2019.11.02-12.12.06:426][  0]LogPakFile: Registered encryption key '00000000000000000000000000000000': 0 pak files mounted, 0 remain pending
[2019.11.02-12.12.06:431][  0]LogPakFile: Registered encryption key '00000000000000000000000000000000': 0 pak files mounted, 0 remain pending
[2019.11.02-12.12.06:437][  0]LogPakFile: Registered encryption key '00000000000000000000000000000000': 0 pak files mounted, 0 remain pending
[2019.11.02-12.12.06:442][  0]LogPakFile: Registered encryption key '00000000000000000000000000000000': 0 pak files mounted, 0 remain pending
[2019.11.02-12.12.06:471][  0]LogPakFile: Registered encryption key '00000000000000000000000000000000': 0 pak files mounted, 0 remain pending
[2019.11.02-12.12.06:476][  0]LogPakFile: Registered encryption key '00000000000000000000000000000000': 0 pak files mounted, 0 remain pending
[2019.11.02-12.12.06:481][  0]LogPakFile: Registered encryption key '00000000000000000000000000000000': 0 pak files mounted, 0 remain pending
[2019.11.02-12.12.06:486][  0]LogPakFile: Registered encryption key '00000000000000000000000000000000': 0 pak files mounted, 0 remain pending
[2019.11.02-12.12.06:492][  0]LogPakFile: Registered encryption key '00000000000000000000000000000000': 0 pak files mounted, 0 remain pending
[2019.11.02-12.12.06:498][  0]LogPakFile: Registered encryption key '00000000000000000000000000000000': 0 pak files mounted, 0 remain pending
[2019.11.02-12.12.06:503][  0]LogPakFile: Registered encryption key '00000000000000000000000000000000': 0 pak files mounted, 0 remain pending
[2019.11.02-12.12.06:509][  0]LogPakFile: Registered encryption key '00000000000000000000000000000000': 0 pak files mounted, 0 remain pending
[2019.11.02-12.12.06:515][  0]LogPakFile: Registered encryption key '00000000000000000000000000000000': 0 pak files mounted, 0 remain pending
[2019.11.02-12.12.06:520][  0]LogPakFile: Registered encryption key '00000000000000000000000000000000': 0 pak files mounted, 0 remain pending
[2019.11.02-12.12.06:526][  0]LogPakFile: Registered encryption key '00000000000000000000000000000000': 0 pak files mounted, 0 remain pending
[2019.11.02-12.12.06:532][  0]LogPakFile: Registered encryption key '00000000000000000000000000000000': 0 pak files mounted, 0 remain pending
[2019.11.02-12.12.06:709][  0]LogContentBrowser: Native class hierarchy updated for 'AddContentDialog' in 0.0003 seconds. Added 0 classes and 0 folders.
[2019.11.02-12.12.06:724][  0]LogContentBrowser: Native class hierarchy updated for 'SceneOutliner' in 0.0003 seconds. Added 1 classes and 2 folders.
[2019.11.02-12.12.06:991][  0]LogSlate: Took 0.006086 seconds to synchronously load lazily loaded font '../../../Engine/Content/Slate/Fonts/Roboto-Regular.ttf' (155K)
[2019.11.02-12.12.07:001][  0]LogSlate: Took 0.005275 seconds to synchronously load lazily loaded font '../../../Engine/Content/Slate/Fonts/Roboto-Bold.ttf' (160K)
[2019.11.02-12.12.07:015][  0]LogSlate: Took 0.005243 seconds to synchronously load lazily loaded font '../../../Engine/Content/Editor/Slate/Fonts/FontAwesome.ttf' (139K)
[2019.11.02-12.12.07:138][  0]LogRenderer: Reallocating scene render targets to support 1812x916 Format 10 NumSamples 1 (Frame:1).
[2019.11.02-12.12.07:359][  0]LogContentBrowser: Native class hierarchy updated for 'HierarchicalLODOutliner' in 0.0003 seconds. Added 0 classes and 0 folders.
[2019.11.02-12.12.07:359][  0]LogLoad: (Engine Initialization) Total time: 20.32 seconds
[2019.11.02-12.12.07:359][  0]LogLoad: (Engine Initialization) Total Blueprint compile time: 0.00 seconds
[2019.11.02-12.12.07:428][  0]LogContentStreaming: Texture pool size now 1000 MB
[2019.11.02-12.12.07:463][  1]LogFileCache: Retrieving MD5 hashes for directory 'C:/courses/UEBlueprintCourse/MarsMarine/Content/' took 0.08s
[2019.11.02-12.12.09:947][250]LogAssetRegistry: Asset discovery search completed in 11.9119 seconds
[2019.11.02-12.12.09:950][250]LogCollectionManager: Rebuilt the object cache for 0 collections in 0.000000 seconds (found 0 objects)
[2019.11.02-12.12.09:950][250]LogCollectionManager: Fixed up redirectors for 0 collections in 0.000290 seconds (updated 0 objects)
[2019.11.02-12.12.11:786][447]LogShaderCompilers: Display: Shaders left to compile 30
[2019.11.02-12.12.14:056][676]LogShaderCompilers: Display: Shaders left to compile 20
[2019.11.02-12.12.14:345][708]LogShaderCompilers: Display: Shaders left to compile 10
[2019.11.02-12.18.09:460][932]LogSlate: FSceneViewport::OnFocusLost() reason 0
[2019.11.02-12.18.29:438][929]LogEditorViewport: Clicking on Actor (LMB): StaticMeshActor (SM_Rock3)
[2019.11.02-12.18.31:563][157]LogEditorViewport: Clicking on Actor (LMB): StaticMeshActor (SM_Rock6)
[2019.11.02-12.18.33:138][335]LogEditorViewport: Clicking on Actor (LMB): StaticMeshActor (SM_Rock)
[2019.11.02-12.24.27:470][ 63]LogEditorViewport: Clicking on Actor (LMB): Landscape (Landscape)
[2019.11.02-12.24.40:989][254]LogEditorViewport: Clicking on Actor (LMB): Landscape (Landscape)
[2019.11.02-12.24.48:110][963]LogSlate: FSceneViewport::OnFocusLost() reason 0
[2019.11.02-12.24.48:269][978]LogRenderer: Reallocating scene render targets to support 1820x916 Format 10 NumSamples 1 (Frame:23307).
[2019.11.02-12.24.48:322][979]LogRenderer: Reallocating scene render targets to support 1848x916 Format 10 NumSamples 1 (Frame:23309).
[2019.11.02-12.24.48:374][980]LogRenderer: Reallocating scene render targets to support 1872x916 Format 10 NumSamples 1 (Frame:23311).
[2019.11.02-12.24.48:422][981]LogRenderer: Reallocating scene render targets to support 1884x916 Format 10 NumSamples 1 (Frame:23313).
[2019.11.02-12.24.48:665][998]LogRenderer: Reallocating scene render targets to support 1892x916 Format 10 NumSamples 1 (Frame:23319).
[2019.11.02-12.24.51:400][268]LogRenderer: Reallocating scene render targets to support 1892x920 Format 10 NumSamples 1 (Frame:23530).
[2019.11.02-12.24.51:454][269]LogRenderer: Reallocating scene render targets to support 1892x956 Format 10 NumSamples 1 (Frame:23532).
[2019.11.02-12.24.51:519][270]LogRenderer: Reallocating scene render targets to support 1892x984 Format 10 NumSamples 1 (Frame:23534).
[2019.11.02-12.24.51:734][281]LogRenderer: Reallocating scene render targets to support 1892x992 Format 10 NumSamples 1 (Frame:23538).
[2019.11.02-12.24.51:783][282]LogRenderer: Reallocating scene render targets to support 1892x1000 Format 10 NumSamples 1 (Frame:23540).
[2019.11.02-12.25.42:199][289]LogSlate: Window 'Color Picker' being destroyed
[2019.11.02-12.26.02:130][820]LogSlate: Took 0.005266 seconds to synchronously load lazily loaded font '../../../Engine/Content/Slate/Fonts/Roboto-Light.ttf' (167K)
[2019.11.02-12.26.42:136][820]LogSlate: Window 'Pick Parent Class' being destroyed
[2019.11.02-12.27.07:376][305]LogUnrealEdMisc: Warning: Heartbeat event firing too frequently (25.210 sec). This should never happen. Something is wrong with the timer delegate!
[2019.11.02-12.27.18:429][395]Cmd: OBJ SAVEPACKAGE PACKAGE="/Game/Levels/Mars" FILE="../../../../../../courses/UEBlueprintCourse/MarsMarine/Content/Levels/Mars.umap" SILENT=true AUTOSAVING=false KEEPDIRTY=false
[2019.11.02-12.27.18:453][395]LogUObjectHash: Compacting FUObjectHashTables data took   1.23ms
[2019.11.02-12.27.18:734][395]LogSavePackage: Moving '../../../../../../courses/UEBlueprintCourse/MarsMarine/Saved/MarsA7751D5B4F23E5EE8478B1A73E95D286.tmp' to '../../../../../../courses/UEBlueprintCourse/MarsMarine/Content/Levels/Mars.umap'
[2019.11.02-12.27.18:765][395]Cmd: OBJ SAVEPACKAGE PACKAGE="/Game/Levels/Mars_BuiltData" FILE="../../../../../../courses/UEBlueprintCourse/MarsMarine/Content/Levels/Mars_BuiltData.uasset" SILENT=true
[2019.11.02-12.27.18:903][395]LogSavePackage: Moving '../../../../../../courses/UEBlueprintCourse/MarsMarine/Saved/Mars_BuiltData97700FD348173B84A283C6821709C799.tmp' to '../../../../../../courses/UEBlueprintCourse/MarsMarine/Content/Levels/Mars_BuiltData.uasset'
[2019.11.02-12.28.18:121][217]LogSlate: Window 'Pick Parent Class' being destroyed
[2019.11.02-12.28.44:355][830]LogAssetEditorManager: Opening Asset editor for Blueprint /Game/Blueprints/GameModes/bp_marsMarineGameMode.bp_marsMarineGameMode
[2019.11.02-12.28.44:621][830]LogContentBrowser: Native class hierarchy updated for 'BlueprintGraph' in 0.0006 seconds. Added 121 classes and 0 folders.
[2019.11.02-12.28.48:630][ 66]LogSlate: Window 'bp_marsMarineGameMode' being destroyed
[2019.11.02-12.28.48:640][ 67]LogRenderer: Reallocating scene render targets to support 2824x1428 Format 10 NumSamples 1 (Frame:37199).
[2019.11.02-12.28.50:268][239]LogSlate: Took 0.005144 seconds to synchronously load lazily loaded font '../../../Engine/Content/Slate/Fonts/Roboto-Italic.ttf' (157K)
[2019.11.02-12.28.57:214][ 69]LogSlate: Prevented a slow task dialog from being summoned while a context menu was open
[2019.11.02-12.29.12:502][891]BlueprintLog: New page: Compile bp_marsMarineGameMode
[2019.11.02-12.29.12:654][891]LogUObjectHash: Compacting FUObjectHashTables data took   3.23ms
[2019.11.02-12.29.13:352][954]LogSavePackage: Moving '../../../../../../courses/UEBlueprintCourse/MarsMarine/Saved/bp_marsMarineGameMode50275729438F72373D793F9C9C5A0D74.tmp' to '../../../../../../courses/UEBlueprintCourse/MarsMarine/Content/Blueprints/GameModes/bp_marsMarineGameMode.uasset'
[2019.11.02-12.29.38:249][971]LogBlueprintActionDatabase: Requesting refresh due to module change: ExternalImagePicker (loaded)
[2019.11.02-12.29.39:331][971]LogSlate: Only BGRA pngs, bmps or icos are supported in by External Image Picker
[2019.11.02-12.30.17:920][ 15]LogSlate: Prevented a slow task dialog from being summoned while a context menu was open
[2019.11.02-12.30.29:101][963]LogSlate: Window 'Project Settings' being destroyed
[2019.11.02-12.30.29:110][963]LogSlate: Window 'Project Settings' being destroyed
[2019.11.02-12.30.31:360][ 85]Cmd: OBJ SAVEPACKAGE PACKAGE="/Game/Levels/Mars" FILE="../../../../../../courses/UEBlueprintCourse/MarsMarine/Content/Levels/Mars.umap" SILENT=true AUTOSAVING=false KEEPDIRTY=false
[2019.11.02-12.30.31:417][ 85]LogUObjectHash: Compacting FUObjectHashTables data took   5.28ms
[2019.11.02-12.30.31:719][ 85]LogSavePackage: Moving '../../../../../../courses/UEBlueprintCourse/MarsMarine/Saved/Mars7EDFC64D46E588088E8FFBA39CE4E6E1.tmp' to '../../../../../../courses/UEBlueprintCourse/MarsMarine/Content/Levels/Mars.umap'
[2019.11.02-12.30.31:745][ 85]Cmd: OBJ SAVEPACKAGE PACKAGE="/Game/Levels/Mars_BuiltData" FILE="../../../../../../courses/UEBlueprintCourse/MarsMarine/Content/Levels/Mars_BuiltData.uasset" SILENT=true
[2019.11.02-12.30.31:838][ 85]LogSavePackage: Moving '../../../../../../courses/UEBlueprintCourse/MarsMarine/Saved/Mars_BuiltDataE6EB1B9741AD370C6F8EBC906AEF33F5.tmp' to '../../../../../../courses/UEBlueprintCourse/MarsMarine/Content/Levels/Mars_BuiltData.uasset'
[2019.11.02-12.30.33:937][180]LogTemp: Repeating last play command: Selected Viewport
[2019.11.02-12.30.33:956][180]LogBlueprintUserMessages: Early PlayInEditor Detection: Level '/Game/Levels/Mars.Mars:PersistentLevel' has LevelScriptBlueprint '/Game/Levels/Mars.Mars:PersistentLevel.Mars' with GeneratedClass '/Game/Levels/Mars.Mars_C' with ClassGeneratedBy '/Game/Levels/Mars.Mars:PersistentLevel.Mars'
[2019.11.02-12.30.33:958][180]LogPlayLevel: PlayLevel: No blueprints needed recompiling
[2019.11.02-12.30.33:963][180]PIE: New page: PIE session: Mars (Nov 2, 2019, 2:30:33 PM)
[2019.11.02-12.30.33:979][180]LogPlayLevel: Creating play world package: /Game/Levels/UEDPIE_0_Mars
[2019.11.02-12.30.34:011][180]LogPlayLevel: PIE: StaticDuplicateObject took: (0.031790s)
[2019.11.02-12.30.34:012][180]LogAIModule: Creating AISystem for world Mars
[2019.11.02-12.30.34:013][180]LogPlayLevel: PIE: World Init took: (0.001472s)
[2019.11.02-12.30.34:013][180]LogPlayLevel: PIE: Created PIE world by copying editor world from /Game/Levels/Mars.Mars to /Game/Levels/UEDPIE_0_Mars.Mars (0.033586s)
[2019.11.02-12.30.34:053][180]LogUObjectHash: Compacting FUObjectHashTables data took   3.39ms
[2019.11.02-12.30.34:063][180]LogInit: XAudio2 using 'Speakers (High Definition Audio Device)' : 2 channels at 48 kHz using 16 bits per sample (channel mask 0x3)
[2019.11.02-12.30.34:073][180]LogInit: FAudioDevice initialized.
[2019.11.02-12.30.34:116][180]LogLoad: Game class is 'GameMode'
[2019.11.02-12.30.34:133][180]LogWorld: Bringing World /Game/Levels/UEDPIE_0_Mars.Mars up for play (max tick rate 0) at 2019.11.02-13.30.34
[2019.11.02-12.30.34:135][180]LogWorld: Bringing up level for play took: 0.007948
[2019.11.02-12.30.34:171][180]LogBlueprintActionDatabase: Requesting refresh due to module change: Voice (loaded)
[2019.11.02-12.30.34:180][180]LogBlueprintActionDatabase: Requesting refresh due to module change: MovieSceneCapture (loaded)
[2019.11.02-12.30.34:181][180]LogContentBrowser: Native class hierarchy updated for 'MovieSceneCapture' in 0.0008 seconds. Added 20 classes and 0 folders.
[2019.11.02-12.30.34:181][180]LogGameMode: Display: Match State Changed from EnteringMap to WaitingToStart
[2019.11.02-12.30.34:181][180]LogGameState: Match State Changed from EnteringMap to WaitingToStart
[2019.11.02-12.30.34:181][180]LogGameMode: Display: Match State Changed from WaitingToStart to InProgress
[2019.11.02-12.30.34:189][180]LogGameState: Match State Changed from WaitingToStart to InProgress
[2019.11.02-12.30.34:190][180]PIE: Play in editor start time for /Game/Levels/UEDPIE_0_Mars 0.926
[2019.11.02-12.30.34:190][180]LogBlueprintUserMessages: Late PlayInEditor Detection: Level '/Game/Levels/Mars.Mars:PersistentLevel' has LevelScriptBlueprint '/Game/Levels/Mars.Mars:PersistentLevel.Mars' with GeneratedClass '/Game/Levels/Mars.Mars_C' with ClassGeneratedBy '/Game/Levels/Mars.Mars:PersistentLevel.Mars'
[2019.11.02-12.30.39:069][706]LogBlueprintUserMessages: Early EndPlayMap Detection: Level '/Game/Levels/Mars.Mars:PersistentLevel' has LevelScriptBlueprint '/Game/Levels/Mars.Mars:PersistentLevel.Mars' with GeneratedClass '/Game/Levels/Mars.Mars_C' with ClassGeneratedBy '/Game/Levels/Mars.Mars:PersistentLevel.Mars'
[2019.11.02-12.30.39:071][706]LogSlate: Updating window title bar state: overlay mode, drag disabled, window buttons hidden, title bar hidden
[2019.11.02-12.30.39:102][706]LogPlayLevel: Display: Shutting down PIE online subsystems
[2019.11.02-12.30.39:102][706]LogBlueprintUserMessages: Late EndPlayMap Detection: Level '/Game/Levels/Mars.Mars:PersistentLevel' has LevelScriptBlueprint '/Game/Levels/Mars.Mars:PersistentLevel.Mars' with GeneratedClass '/Game/Levels/Mars.Mars_C' with ClassGeneratedBy '/Game/Levels/Mars.Mars:PersistentLevel.Mars'
[2019.11.02-12.30.39:146][706]LogSlate: Updating window title bar state: overlay mode, drag disabled, window buttons hidden, title bar hidden
[2019.11.02-12.30.39:193][706]LogUObjectHash: Compacting FUObjectHashTables data took   5.54ms
[2019.11.02-12.30.39:233][707]LogPlayLevel: Display: Destroying online subsystem :Context_4
[2019.11.02-12.30.43:650][956]LogSlate: FSceneViewport::OnFocusLost() reason 0
[2019.11.02-12.30.55:489][663]LogSlate: FSceneViewport::OnFocusLost() reason 0
[2019.11.02-12.30.55:604][669]LogTemp: Repeating last play command: Selected Viewport
[2019.11.02-12.30.55:618][669]LogBlueprintUserMessages: Early PlayInEditor Detection: Level '/Game/Levels/Mars.Mars:PersistentLevel' has LevelScriptBlueprint '/Game/Levels/Mars.Mars:PersistentLevel.Mars' with GeneratedClass '/Game/Levels/Mars.Mars_C' with ClassGeneratedBy '/Game/Levels/Mars.Mars:PersistentLevel.Mars'
[2019.11.02-12.30.55:618][669]LogPlayLevel: PlayLevel: No blueprints needed recompiling
[2019.11.02-12.30.55:618][669]PIE: New page: PIE session: Mars (Nov 2, 2019, 2:30:55 PM)
[2019.11.02-12.30.55:618][669]LogPlayLevel: Creating play world package: /Game/Levels/UEDPIE_0_Mars
[2019.11.02-12.30.55:650][669]LogPlayLevel: PIE: StaticDuplicateObject took: (0.032049s)
[2019.11.02-12.30.55:651][669]LogAIModule: Creating AISystem for world Mars
[2019.11.02-12.30.55:651][669]LogPlayLevel: PIE: World Init took: (0.001076s)
[2019.11.02-12.30.55:652][669]LogPlayLevel: PIE: Created PIE world by copying editor world from /Game/Levels/Mars.Mars to /Game/Levels/UEDPIE_0_Mars.Mars (0.033296s)
[2019.11.02-12.30.55:705][669]LogUObjectHash: Compacting FUObjectHashTables data took   4.12ms
[2019.11.02-12.30.55:713][669]LogInit: XAudio2 using 'Speakers (High Definition Audio Device)' : 2 channels at 48 kHz using 16 bits per sample (channel mask 0x3)
[2019.11.02-12.30.55:723][669]LogInit: FAudioDevice initialized.
[2019.11.02-12.30.55:755][669]LogLoad: Game class is 'GameMode'
[2019.11.02-12.30.55:758][669]LogWorld: Bringing World /Game/Levels/UEDPIE_0_Mars.Mars up for play (max tick rate 0) at 2019.11.02-13.30.55
[2019.11.02-12.30.55:761][669]LogWorld: Bringing up level for play took: 0.005584
[2019.11.02-12.30.55:774][669]LogGameMode: Display: Match State Changed from EnteringMap to WaitingToStart
[2019.11.02-12.30.55:774][669]LogGameState: Match State Changed from EnteringMap to WaitingToStart
[2019.11.02-12.30.55:774][669]LogGameMode: Display: Match State Changed from WaitingToStart to InProgress
[2019.11.02-12.30.55:775][669]LogGameState: Match State Changed from WaitingToStart to InProgress
[2019.11.02-12.30.55:775][669]PIE: Play in editor start time for /Game/Levels/UEDPIE_0_Mars 0.511
[2019.11.02-12.30.55:775][669]LogBlueprintUserMessages: Late PlayInEditor Detection: Level '/Game/Levels/Mars.Mars:PersistentLevel' has LevelScriptBlueprint '/Game/Levels/Mars.Mars:PersistentLevel.Mars' with GeneratedClass '/Game/Levels/Mars.Mars_C' with ClassGeneratedBy '/Game/Levels/Mars.Mars:PersistentLevel.Mars'
[2019.11.02-12.31.02:002][406]LogBlueprintUserMessages: Early EndPlayMap Detection: Level '/Game/Levels/Mars.Mars:PersistentLevel' has LevelScriptBlueprint '/Game/Levels/Mars.Mars:PersistentLevel.Mars' with GeneratedClass '/Game/Levels/Mars.Mars_C' with ClassGeneratedBy '/Game/Levels/Mars.Mars:PersistentLevel.Mars'
[2019.11.02-12.31.02:002][406]LogSlate: Updating window title bar state: overlay mode, drag disabled, window buttons hidden, title bar hidden
[2019.11.02-12.31.02:032][406]LogPlayLevel: Display: Shutting down PIE online subsystems
[2019.11.02-12.31.02:032][406]LogBlueprintUserMessages: Late EndPlayMap Detection: Level '/Game/Levels/Mars.Mars:PersistentLevel' has LevelScriptBlueprint '/Game/Levels/Mars.Mars:PersistentLevel.Mars' with GeneratedClass '/Game/Levels/Mars.Mars_C' with ClassGeneratedBy '/Game/Levels/Mars.Mars:PersistentLevel.Mars'
[2019.11.02-12.31.02:087][406]LogSlate: Updating window title bar state: overlay mode, drag disabled, window buttons hidden, title bar hidden
[2019.11.02-12.31.02:092][406]LogUObjectHash: Compacting FUObjectHashTables data took   2.92ms
[2019.11.02-12.31.02:130][407]LogPlayLevel: Display: Destroying online subsystem :Context_5
[2019.11.02-12.31.07:263][702]LogSlate: FSceneViewport::OnFocusLost() reason 2
[2019.11.02-12.31.08:801][789]LogSlate: FSceneViewport::OnFocusLost() reason 2
[2019.11.02-12.31.09:677][789]LogSlate: Only BGRA pngs, bmps or icos are supported in by External Image Picker
[2019.11.02-12.31.23:755][576]LogSlate: Window 'Project Settings' being destroyed
[2019.11.02-12.31.23:782][576]LogSlate: Window 'Project Settings' being destroyed
[2019.11.02-12.33.48:290][422]LogSlate: FSceneViewport::OnFocusLost() reason 0
[2019.11.02-12.33.48:559][425]Cmd: OBJ SAVEPACKAGE PACKAGE="/Game/Levels/Mars" FILE="../../../../../../courses/UEBlueprintCourse/MarsMarine/Content/Levels/Mars.umap" SILENT=true AUTOSAVING=false KEEPDIRTY=false
[2019.11.02-12.33.48:594][425]LogUObjectHash: Compacting FUObjectHashTables data took   0.93ms
[2019.11.02-12.33.48:913][425]LogSavePackage: Moving '../../../../../../courses/UEBlueprintCourse/MarsMarine/Saved/MarsCCC2446B4E423FB86C369C84C13A4F08.tmp' to '../../../../../../courses/UEBlueprintCourse/MarsMarine/Content/Levels/Mars.umap'
[2019.11.02-12.33.48:934][425]Cmd: OBJ SAVEPACKAGE PACKAGE="/Game/Levels/Mars_BuiltData" FILE="../../../../../../courses/UEBlueprintCourse/MarsMarine/Content/Levels/Mars_BuiltData.uasset" SILENT=true
[2019.11.02-12.33.49:034][425]LogSavePackage: Moving '../../../../../../courses/UEBlueprintCourse/MarsMarine/Saved/Mars_BuiltData7944ECB645118FC4789A21B563345BAE.tmp' to '../../../../../../courses/UEBlueprintCourse/MarsMarine/Content/Levels/Mars_BuiltData.uasset'
[2019.11.02-12.33.51:337][538]LogSlate: FSceneViewport::OnFocusLost() reason 2
[2019.11.02-12.33.53:800][672]LogSlate: FSceneViewport::OnFocusLost() reason 2
[2019.11.02-12.33.53:809][672]LogSlate: Prevented a slow task dialog from being summoned while a context menu was open
[2019.11.02-12.33.58:518][925]LogSlate: FSceneViewport::OnFocusLost() reason 0
[2019.11.02-12.33.58:693][932]Cmd: OBJ SAVEPACKAGE PACKAGE="/Game/Levels/Mars" FILE="../../../../../../courses/UEBlueprintCourse/MarsMarine/Content/Levels/Mars.umap" SILENT=true AUTOSAVING=false KEEPDIRTY=false
[2019.11.02-12.33.58:728][932]LogUObjectHash: Compacting FUObjectHashTables data took   2.37ms
[2019.11.02-12.33.59:031][932]LogSavePackage: Moving '../../../../../../courses/UEBlueprintCourse/MarsMarine/Saved/Mars8B21DE61487C8CD21281E2A6DDA3BDA1.tmp' to '../../../../../../courses/UEBlueprintCourse/MarsMarine/Content/Levels/Mars.umap'
[2019.11.02-12.33.59:052][932]Cmd: OBJ SAVEPACKAGE PACKAGE="/Game/Levels/Mars_BuiltData" FILE="../../../../../../courses/UEBlueprintCourse/MarsMarine/Content/Levels/Mars_BuiltData.uasset" SILENT=true
[2019.11.02-12.33.59:146][932]LogSavePackage: Moving '../../../../../../courses/UEBlueprintCourse/MarsMarine/Saved/Mars_BuiltData5D6E50834FAF734C8222CA8BE598A7FB.tmp' to '../../../../../../courses/UEBlueprintCourse/MarsMarine/Content/Levels/Mars_BuiltData.uasset'
[2019.11.02-12.34.00:589][999]LogSlate: FSceneViewport::OnFocusLost() reason 0
[2019.11.02-12.34.00:723][  6]LogTemp: Repeating last play command: Selected Viewport
[2019.11.02-12.34.00:738][  6]LogBlueprintUserMessages: Early PlayInEditor Detection: Level '/Game/Levels/Mars.Mars:PersistentLevel' has LevelScriptBlueprint '/Game/Levels/Mars.Mars:PersistentLevel.Mars' with GeneratedClass '/Game/Levels/Mars.Mars_C' with ClassGeneratedBy '/Game/Levels/Mars.Mars:PersistentLevel.Mars'
[2019.11.02-12.34.00:738][  6]LogPlayLevel: PlayLevel: No blueprints needed recompiling
[2019.11.02-12.34.00:738][  6]PIE: New page: PIE session: Mars (Nov 2, 2019, 2:34:00 PM)
[2019.11.02-12.34.00:738][  6]LogPlayLevel: Creating play world package: /Game/Levels/UEDPIE_0_Mars
[2019.11.02-12.34.00:770][  6]LogPlayLevel: PIE: StaticDuplicateObject took: (0.032171s)
[2019.11.02-12.34.00:771][  6]LogAIModule: Creating AISystem for world Mars
[2019.11.02-12.34.00:771][  6]LogPlayLevel: PIE: World Init took: (0.000753s)
[2019.11.02-12.34.00:771][  6]LogPlayLevel: PIE: Created PIE world by copying editor world from /Game/Levels/Mars.Mars to /Game/Levels/UEDPIE_0_Mars.Mars (0.033093s)
[2019.11.02-12.34.00:805][  6]LogUObjectHash: Compacting FUObjectHashTables data took   2.89ms
[2019.11.02-12.34.00:813][  6]LogInit: XAudio2 using 'Speakers (High Definition Audio Device)' : 2 channels at 48 kHz using 16 bits per sample (channel mask 0x3)
[2019.11.02-12.34.00:824][  6]LogInit: FAudioDevice initialized.
[2019.11.02-12.34.00:850][  6]LogLoad: Game class is 'bp_marsMarineGameMode_C'
[2019.11.02-12.34.00:853][  6]LogWorld: Bringing World /Game/Levels/UEDPIE_0_Mars.Mars up for play (max tick rate 0) at 2019.11.02-13.34.00
[2019.11.02-12.34.00:853][  6]LogWorld: Bringing up level for play took: 0.002335
[2019.11.02-12.34.00:866][  6]PIE: Play in editor start time for /Game/Levels/UEDPIE_0_Mars -0.398
[2019.11.02-12.34.00:866][  6]LogBlueprintUserMessages: Late PlayInEditor Detection: Level '/Game/Levels/Mars.Mars:PersistentLevel' has LevelScriptBlueprint '/Game/Levels/Mars.Mars:PersistentLevel.Mars' with GeneratedClass '/Game/Levels/Mars.Mars_C' with ClassGeneratedBy '/Game/Levels/Mars.Mars:PersistentLevel.Mars'
[2019.11.02-12.34.06:919][722]LogBlueprintUserMessages: Early EndPlayMap Detection: Level '/Game/Levels/Mars.Mars:PersistentLevel' has LevelScriptBlueprint '/Game/Levels/Mars.Mars:PersistentLevel.Mars' with GeneratedClass '/Game/Levels/Mars.Mars_C' with ClassGeneratedBy '/Game/Levels/Mars.Mars:PersistentLevel.Mars'
[2019.11.02-12.34.06:920][722]LogSlate: Updating window title bar state: overlay mode, drag disabled, window buttons hidden, title bar hidden
[2019.11.02-12.34.06:950][722]LogPlayLevel: Display: Shutting down PIE online subsystems
[2019.11.02-12.34.06:950][722]LogBlueprintUserMessages: Late EndPlayMap Detection: Level '/Game/Levels/Mars.Mars:PersistentLevel' has LevelScriptBlueprint '/Game/Levels/Mars.Mars:PersistentLevel.Mars' with GeneratedClass '/Game/Levels/Mars.Mars_C' with ClassGeneratedBy '/Game/Levels/Mars.Mars:PersistentLevel.Mars'
[2019.11.02-12.34.07:002][722]LogSlate: Updating window title bar state: overlay mode, drag disabled, window buttons hidden, title bar hidden
[2019.11.02-12.34.07:007][722]LogUObjectHash: Compacting FUObjectHashTables data took   2.41ms
[2019.11.02-12.34.07:047][723]LogPlayLevel: Display: Destroying online subsystem :Context_6
[2019.11.02-12.34.11:905][ 26]LogEditorViewport: Clicking on Actor (LMB): BP_Sky_Sphere_C (SkySphereBlueprint)
[2019.11.02-12.34.13:858][138]LogEditorViewport: Clicking on Actor (LMB): BP_Sky_Sphere_C (SkySphereBlueprint)
[2019.11.02-12.34.14:488][172]LogEditorViewport: Clicking on Actor (LMB): BP_Sky_Sphere_C (SkySphereBlueprint)
[2019.11.02-12.34.15:234][213]LogEditorViewport: Clicking on Actor (LMB): BP_Sky_Sphere_C (SkySphereBlueprint)
[2019.11.02-12.34.15:872][247]LogEditorViewport: Clicking on Actor (LMB): bp_marine_C (bp_marine)
[2019.11.02-12.34.21:129][537]LogEditorViewport: Clicking on Actor (LMB): Landscape (Landscape)
[2019.11.02-12.34.24:773][738]LogEditorViewport: Clicking on Actor (LMB): Landscape (Landscape)
[2019.11.02-12.34.25:717][788]LogEditorViewport: Clicking on Actor (LMB): bp_marine_C (bp_marine)
[2019.11.02-12.34.38:351][557]Cmd: DELETE
[2019.11.02-12.34.38:351][557]Cmd: ACTOR DELETE
[2019.11.02-12.34.38:363][557]LogEditorActor: Deleted Actor: bp_marine_C
[2019.11.02-12.34.38:397][557]LogUObjectHash: Compacting FUObjectHashTables data took   0.85ms
[2019.11.02-12.34.38:398][557]LogEditorActor: Deleted 1 Actors (0.040 secs)
[2019.11.02-12.34.46:499][788]LogSlate: FSceneViewport::OnFocusLost() reason 0
[2019.11.02-12.34.46:775][788]LogAssetEditorManager: Opening Asset editor for Blueprint /Game/Blueprints/Pawns/bp_marine.bp_marine
[2019.11.02-12.44.05:512][266]LogUObjectHash: Compacting FUObjectHashTables data took   1.23ms
[2019.11.02-12.44.05:513][266]Cmd: OBJ SAVEPACKAGE PACKAGE="/Game/Levels/Mars" FILE="../../../../../../courses/UEBlueprintCourse/MarsMarine/Saved/Autosaves/Game/Levels/Mars_Auto1.umap" SILENT=true AUTOSAVING=true KEEPDIRTY=false
[2019.11.02-12.44.05:838][266]LogSavePackage: Moving '../../../../../../courses/UEBlueprintCourse/MarsMarine/Saved/Mars_Auto1B0588DD7481C49F0CD3C07854F28BDF9.tmp' to '../../../../../../courses/UEBlueprintCourse/MarsMarine/Saved/Autosaves/Game/Levels/Mars_Auto1.umap'
[2019.11.02-12.44.05:840][266]LogFileHelpers: Editor autosave (incl. sublevels) for '/Game/Levels/Mars' took 0.382
[2019.11.02-12.44.05:840][266]LogFileHelpers: Editor autosave (incl. sublevels) for all levels took 0.382
[2019.11.02-12.44.05:842][266]OBJ SavePackage: Generating thumbnails for [0] asset(s) in package [/Game/Blueprints/Pawns/bp_marine] ([1] browsable assets)...
[2019.11.02-12.44.05:842][266]OBJ SavePackage: Finished generating thumbnails for package [/Game/Blueprints/Pawns/bp_marine]
[2019.11.02-12.44.05:858][266]LogSavePackage: Moving '../../../../../../courses/UEBlueprintCourse/MarsMarine/Saved/bp_marine_Auto169B2AF3B475F806601B99D941D155EFE.tmp' to '../../../../../../courses/UEBlueprintCourse/MarsMarine/Saved/Autosaves/Game/Blueprints/Pawns/bp_marine_Auto1.uasset'
[2019.11.02-12.44.05:858][266]LogFileHelpers: Auto-saving content packages took 0.017
[2019.11.02-12.44.43:987][384]Cmd: OBJ SAVEPACKAGE PACKAGE="/Game/Blueprints/Pawns/bp_marine" FILE="../../../../../../courses/UEBlueprintCourse/MarsMarine/Content/Blueprints/Pawns/bp_marine.uasset" SILENT=true
[2019.11.02-12.44.44:003][384]LogSavePackage: Moving '../../../../../../courses/UEBlueprintCourse/MarsMarine/Saved/bp_marine4A4BE54F4906363E06D2D8ABEE4B1099.tmp' to '../../../../../../courses/UEBlueprintCourse/MarsMarine/Content/Blueprints/Pawns/bp_marine.uasset'
[2019.11.02-12.44.48:597][558]Cmd: OBJ SAVEPACKAGE PACKAGE="/Game/Levels/Mars" FILE="../../../../../../courses/UEBlueprintCourse/MarsMarine/Content/Levels/Mars.umap" SILENT=true AUTOSAVING=false KEEPDIRTY=false
[2019.11.02-12.44.48:635][558]LogUObjectHash: Compacting FUObjectHashTables data took   3.32ms
[2019.11.02-12.44.48:949][558]LogSavePackage: Moving '../../../../../../courses/UEBlueprintCourse/MarsMarine/Saved/Mars071D7908457682F919A00EAA069A1E90.tmp' to '../../../../../../courses/UEBlueprintCourse/MarsMarine/Content/Levels/Mars.umap'
[2019.11.02-12.44.48:971][558]Cmd: OBJ SAVEPACKAGE PACKAGE="/Game/Levels/Mars_BuiltData" FILE="../../../../../../courses/UEBlueprintCourse/MarsMarine/Content/Levels/Mars_BuiltData.uasset" SILENT=true
[2019.11.02-12.44.49:070][558]LogSavePackage: Moving '../../../../../../courses/UEBlueprintCourse/MarsMarine/Saved/Mars_BuiltDataABC80D2342EF037438EB39B65DF356DE.tmp' to '../../../../../../courses/UEBlueprintCourse/MarsMarine/Content/Levels/Mars_BuiltData.uasset'
